<?xml version="1.0" encoding="UTF-8"?>
<testsuites name="collection mascot" time="65.93" tests="4" failures="0" errors="0">
   <testsuite name="login berhasil" tests="2" failures="0" errors="0" time="12.359" skipped="0" timestamp="24-06-2024T15:01:17" hostname="0789 - DESKTOP-51HVGAE" id="Test Suites/mascot/login berhasil">
      <properties>
         <property name="deviceName" value=""/>
         <property name="devicePlatform"/>
         <property name="logFolder" value="C:\\Users\\0789\\git\\dev-mascot\\Reports\\20240624_150100\\mascot\\login berhasil\\20240624_150101"/>
         <property name="logFiles" value="C:\\Users\\0789\\git\\dev-mascot\\Reports\\20240624_150100\\mascot\\login berhasil\\20240624_150101\\execution0.log"/>
         <property name="attachments" value=""/>
         <property name="hostName" value="0789 - DESKTOP-51HVGAE"/>
         <property name="os" value="Windows 10 64bit"/>
         <property name="katalonVersion" value="9.5.0.217"/>
         <property name="browser" value="Chrome 126.0.0.0"/>
         <property name="hostAddress" value="192.168.10.185"/>
         <property name="sessionId" value="517a5644370cee5b1ab488be382cc028"/>
         <property name="seleniumVersion" value="3.141.59"/>
         <property name="proxyInformation" value="ProxyInformation { proxyOption=NO_PROXY, proxyServerType=HTTP, username=, password=********, proxyServerAddress=, proxyServerPort=0, executionList=&quot;&quot;, isApplyToDesiredCapabilities=true }"/>
         <property name="platform" value="Windows 10"/>
      </properties>
      <testcase name="Test Cases/login mascot/login" time="8.941" classname="Test Cases/login mascot/login" status="PASSED">
         <system-out><![CDATA[24-06-2024T15:01:18 - [TEST_CASE][PASSED] - Test Cases/login mascot/login: Test Cases/login mascot/login

24-06-2024T15:01:18 - [TEST_STEP][PASSED] - openBrowser("http://206.189.158.91:8080/sparepart-factory-cms/login.zul"): Browser is opened with url: 'http://206.189.158.91:8080/sparepart-factory-cms/login.zul'

24-06-2024T15:01:19 - [MESSAGE][INFO] - Starting 'Chrome' driver

24-06-2024T15:01:19 - [MESSAGE][INFO] - Action delay is set to 0 milliseconds

24-06-2024T15:01:24 - [MESSAGE][PASSED] - Browser is opened with url: 'http://206.189.158.91:8080/sparepart-factory-cms/login.zul'

24-06-2024T15:01:24 - [TEST_STEP][PASSED] - setText(findTestObject("login mascot/1. input username"), "sadm001"): Text 'sadm001' is set on object 'Object Repository/login mascot/1. input username'

24-06-2024T15:01:25 - [MESSAGE][PASSED] - Text 'sadm001' is set on object 'Object Repository/login mascot/1. input username'

24-06-2024T15:01:25 - [TEST_STEP][PASSED] - setText(findTestObject("login mascot/2. input password"), "Abc123!"): Text 'Abc123!' is set on object 'Object Repository/login mascot/2. input password'

24-06-2024T15:01:26 - [MESSAGE][PASSED] - Text 'Abc123!' is set on object 'Object Repository/login mascot/2. input password'

24-06-2024T15:01:26 - [TEST_STEP][PASSED] - click(findTestObject("login mascot/3. klik button login")): Object: 'Object Repository/login mascot/3. klik button login' is clicked on

24-06-2024T15:01:26 - [MESSAGE][PASSED] - Object: 'Object Repository/login mascot/3. klik button login' is clicked on]]></system-out>
         <system-err><![CDATA[]]></system-err>
      </testcase>
      <testcase name="Test Cases/Dashboard CMS/list dashboard" time="2.993" classname="Test Cases/Dashboard CMS/list dashboard" status="PASSED">
         <system-out><![CDATA[24-06-2024T15:01:27 - [TEST_CASE][PASSED] - Test Cases/Dashboard CMS/list dashboard: Test Cases/Dashboard CMS/list dashboard

24-06-2024T15:01:27 - [TEST_STEP][PASSED] - click(findTestObject("Dashboard CMS/list dashboard")): Object: 'Object Repository/Dashboard CMS/list dashboard' is clicked on

24-06-2024T15:01:29 - [MESSAGE][PASSED] - Object: 'Object Repository/Dashboard CMS/list dashboard' is clicked on

24-06-2024T15:01:29 - [TEST_STEP][PASSED] - click(findTestObject("Dashboard CMS/list dashboard")): Object: 'Object Repository/Dashboard CMS/list dashboard' is clicked on

24-06-2024T15:01:29 - [MESSAGE][PASSED] - Object: 'Object Repository/Dashboard CMS/list dashboard' is clicked on]]></system-out>
         <system-err><![CDATA[]]></system-err>
      </testcase>
      <system-out><![CDATA[24-06-2024T15:01:17 - [TEST_SUITE][PASSED] - login berhasil: Test Cases/Dashboard CMS/list dashboard]]></system-out>
      <system-err><![CDATA[]]></system-err>
   </testsuite>
   <testsuite name="master area 1" tests="2" failures="0" errors="0" time="29.749" skipped="0" timestamp="24-06-2024T15:01:41" hostname="0789 - DESKTOP-51HVGAE" id="Test Suites/mascot/master area 1">
      <properties>
         <property name="deviceName" value=""/>
         <property name="devicePlatform"/>
         <property name="logFolder" value="C:\\Users\\0789\\git\\dev-mascot\\Reports\\20240624_150100\\mascot\\master area 1\\20240624_150104"/>
         <property name="logFiles" value="C:\\Users\\0789\\git\\dev-mascot\\Reports\\20240624_150100\\mascot\\master area 1\\20240624_150104\\execution0.log"/>
         <property name="attachments" value=""/>
         <property name="hostName" value="0789 - DESKTOP-51HVGAE"/>
         <property name="os" value="Windows 10 64bit"/>
         <property name="katalonVersion" value="9.5.0.217"/>
         <property name="browser" value="Chrome 126.0.0.0"/>
         <property name="hostAddress" value="192.168.10.185"/>
         <property name="sessionId" value="299fce26de1fe9adff232f32b218bc6f"/>
         <property name="seleniumVersion" value="3.141.59"/>
         <property name="proxyInformation" value="ProxyInformation { proxyOption=NO_PROXY, proxyServerType=HTTP, username=, password=********, proxyServerAddress=, proxyServerPort=0, executionList=&quot;&quot;, isApplyToDesiredCapabilities=true }"/>
         <property name="platform" value="Windows 10"/>
      </properties>
      <testcase name="Test Cases/login mascot/login" time="11.073" classname="Test Cases/login mascot/login" status="PASSED">
         <system-out><![CDATA[24-06-2024T15:01:41 - [TEST_CASE][PASSED] - Test Cases/login mascot/login: Test Cases/login mascot/login

24-06-2024T15:01:42 - [TEST_STEP][PASSED] - openBrowser("http://206.189.158.91:8080/sparepart-factory-cms/login.zul"): Browser is opened with url: 'http://206.189.158.91:8080/sparepart-factory-cms/login.zul'

24-06-2024T15:01:43 - [MESSAGE][INFO] - Starting 'Chrome' driver

24-06-2024T15:01:43 - [MESSAGE][INFO] - Action delay is set to 0 milliseconds

24-06-2024T15:01:50 - [MESSAGE][PASSED] - Browser is opened with url: 'http://206.189.158.91:8080/sparepart-factory-cms/login.zul'

24-06-2024T15:01:50 - [TEST_STEP][PASSED] - setText(findTestObject("login mascot/1. input username"), "sadm001"): Text 'sadm001' is set on object 'Object Repository/login mascot/1. input username'

24-06-2024T15:01:51 - [MESSAGE][PASSED] - Text 'sadm001' is set on object 'Object Repository/login mascot/1. input username'

24-06-2024T15:01:51 - [TEST_STEP][PASSED] - setText(findTestObject("login mascot/2. input password"), "Abc123!"): Text 'Abc123!' is set on object 'Object Repository/login mascot/2. input password'

24-06-2024T15:01:52 - [MESSAGE][PASSED] - Text 'Abc123!' is set on object 'Object Repository/login mascot/2. input password'

24-06-2024T15:01:52 - [TEST_STEP][PASSED] - click(findTestObject("login mascot/3. klik button login")): Object: 'Object Repository/login mascot/3. klik button login' is clicked on

24-06-2024T15:01:52 - [MESSAGE][PASSED] - Object: 'Object Repository/login mascot/3. klik button login' is clicked on]]></system-out>
         <system-err><![CDATA[]]></system-err>
      </testcase>
      <testcase name="Test Cases/User Management - Master Area 1/Open Master Area 1" time="18.241" classname="Test Cases/User Management - Master Area 1/Open Master Area 1" status="PASSED">
         <system-out><![CDATA[24-06-2024T15:01:52 - [TEST_CASE][PASSED] - Test Cases/User Management - Master Area 1/Open Master Area 1: Test Cases/User Management - Master Area 1/Open Master Area 1

24-06-2024T15:01:53 - [TEST_STEP][PASSED] - openBrowser("http://206.189.158.91:8080/sparepart-factory-cms/login.zul"): Browser is opened with url: 'http://206.189.158.91:8080/sparepart-factory-cms/login.zul'

24-06-2024T15:01:53 - [MESSAGE][WARNING] - A browser is already opened. Closing browser and opening a new one

24-06-2024T15:01:53 - [MESSAGE][INFO] - Starting 'Chrome' driver

24-06-2024T15:01:53 - [MESSAGE][INFO] - Action delay is set to 0 milliseconds

24-06-2024T15:01:57 - [MESSAGE][PASSED] - Browser is opened with url: 'http://206.189.158.91:8080/sparepart-factory-cms/login.zul'

24-06-2024T15:01:57 - [TEST_STEP][PASSED] - setText(findTestObject("login mascot/1. input username"), "sadm001"): Text 'sadm001' is set on object 'Object Repository/login mascot/1. input username'

24-06-2024T15:01:58 - [MESSAGE][PASSED] - Text 'sadm001' is set on object 'Object Repository/login mascot/1. input username'

24-06-2024T15:01:58 - [TEST_STEP][PASSED] - setText(findTestObject("login mascot/2. input password"), "Abc123!"): Text 'Abc123!' is set on object 'Object Repository/login mascot/2. input password'

24-06-2024T15:01:59 - [MESSAGE][PASSED] - Text 'Abc123!' is set on object 'Object Repository/login mascot/2. input password'

24-06-2024T15:01:59 - [TEST_STEP][PASSED] - click(findTestObject("login mascot/3. klik button login")): Object: 'Object Repository/login mascot/3. klik button login' is clicked on

24-06-2024T15:01:59 - [MESSAGE][PASSED] - Object: 'Object Repository/login mascot/3. klik button login' is clicked on

24-06-2024T15:01:59 - [TEST_STEP][PASSED] - delay(3): Delayed 3 second(s)

24-06-2024T15:02:02 - [MESSAGE][PASSED] - Delayed 3 second(s)

24-06-2024T15:02:02 - [TEST_STEP][PASSED] - click(findTestObject("User Management - Master Area 1/Open Master Area 1")): Object: 'Object Repository/User Management - Master Area 1/Open Master Area 1' is clicked on

24-06-2024T15:02:03 - [MESSAGE][PASSED] - Object: 'Object Repository/User Management - Master Area 1/Open Master Area 1' is clicked on

24-06-2024T15:02:03 - [TEST_STEP][PASSED] - delay(8): Delayed 8 second(s)

24-06-2024T15:02:11 - [MESSAGE][PASSED] - Delayed 8 second(s)]]></system-out>
         <system-err><![CDATA[]]></system-err>
      </testcase>
      <system-out><![CDATA[24-06-2024T15:01:41 - [TEST_SUITE][PASSED] - master area 1: Test Cases/User Management - Master Area 1/Open Master Area 1]]></system-out>
      <system-err><![CDATA[]]></system-err>
   </testsuite>
</testsuites>
