<?xml version="1.0" encoding="UTF-8"?>
<testsuites name="login berhasil" time="22.121" tests="2" failures="0" errors="0">
   <testsuite name="login berhasil" tests="2" failures="0" errors="0" time="22.121" skipped="0" timestamp="11-06-2024T11:42:33" hostname="0789 - DESKTOP-51HVGAE" id="Test Suites/login/login berhasil">
      <properties>
         <property name="deviceName" value=""/>
         <property name="devicePlatform"/>
         <property name="logFolder" value="C:\\Users\\0789\\Katalon Studio\\dev mascot\\Reports\\20240611_114224\\login\\login berhasil\\20240611_114224"/>
         <property name="logFiles" value="C:\\Users\\0789\\Katalon Studio\\dev mascot\\Reports\\20240611_114224\\login\\login berhasil\\20240611_114224\\execution0.log"/>
         <property name="attachments" value=""/>
         <property name="hostName" value="0789 - DESKTOP-51HVGAE"/>
         <property name="os" value="Windows 10 64bit"/>
         <property name="katalonVersion" value="9.5.0.217"/>
         <property name="browser" value="Chrome 125.0.0.0"/>
         <property name="hostAddress" value="192.168.131.208"/>
         <property name="sessionId" value="c56506cbc5e257fd2d56a996c733279f"/>
         <property name="seleniumVersion" value="3.141.59"/>
         <property name="proxyInformation" value="ProxyInformation { proxyOption=NO_PROXY, proxyServerType=HTTP, username=, password=********, proxyServerAddress=, proxyServerPort=0, executionList=&quot;&quot;, isApplyToDesiredCapabilities=true }"/>
         <property name="platform" value="Windows 10"/>
      </properties>
      <testcase name="Test Cases/User Management - Master Store/Open Master Store" time="16.14" classname="Test Cases/User Management - Master Store/Open Master Store" status="PASSED">
         <system-out><![CDATA[11-06-2024T11:42:33 - [TEST_CASE][PASSED] - Test Cases/User Management - Master Store/Open Master Store: Test Cases/User Management - Master Store/Open Master Store

11-06-2024T11:42:33 - [TEST_STEP][PASSED] - openBrowser("http://206.189.158.91:8080/sparepart-factory-cms/login.zul"): Browser is opened with url: 'http://206.189.158.91:8080/sparepart-factory-cms/login.zul'

11-06-2024T11:42:33 - [MESSAGE][INFO] - Starting 'Chrome' driver

11-06-2024T11:42:33 - [MESSAGE][INFO] - Action delay is set to 0 milliseconds

11-06-2024T11:42:40 - [MESSAGE][PASSED] - Browser is opened with url: 'http://206.189.158.91:8080/sparepart-factory-cms/login.zul'

11-06-2024T11:42:40 - [TEST_STEP][PASSED] - setText(findTestObject("login mascot/1. input username"), "sadm001"): Text 'sadm001' is set on object 'Object Repository/login mascot/1. input username'

11-06-2024T11:42:40 - [MESSAGE][PASSED] - Text 'sadm001' is set on object 'Object Repository/login mascot/1. input username'

11-06-2024T11:42:40 - [TEST_STEP][PASSED] - setText(findTestObject("login mascot/2. input password"), "Abc123!"): Text 'Abc123!' is set on object 'Object Repository/login mascot/2. input password'

11-06-2024T11:42:41 - [MESSAGE][PASSED] - Text 'Abc123!' is set on object 'Object Repository/login mascot/2. input password'

11-06-2024T11:42:41 - [TEST_STEP][PASSED] - click(findTestObject("login mascot/3. klik button login")): Object: 'Object Repository/login mascot/3. klik button login' is clicked on

11-06-2024T11:42:42 - [MESSAGE][PASSED] - Object: 'Object Repository/login mascot/3. klik button login' is clicked on

11-06-2024T11:42:42 - [TEST_STEP][PASSED] - click(findTestObject("User Management - Master Store/Master Store")): Object: 'Object Repository/User Management - Master Store/Master Store' is clicked on

11-06-2024T11:42:44 - [MESSAGE][PASSED] - Object: 'Object Repository/User Management - Master Store/Master Store' is clicked on

11-06-2024T11:42:44 - [TEST_STEP][PASSED] - delay(5): Delayed 5 second(s)

11-06-2024T11:42:49 - [MESSAGE][PASSED] - Delayed 5 second(s)]]></system-out>
         <system-err><![CDATA[]]></system-err>
      </testcase>
      <testcase name="Test Cases/User Management - Master Store/Simple Search" time="5.778" classname="Test Cases/User Management - Master Store/Simple Search" status="PASSED">
         <system-out><![CDATA[11-06-2024T11:42:49 - [TEST_CASE][PASSED] - Test Cases/User Management - Master Store/Simple Search: Test Cases/User Management - Master Store/Simple Search

11-06-2024T11:42:49 - [TEST_STEP][PASSED] - setText(findTestObject("User Management - Master Store/Master Store - BOX Simple Search"), "jay"): Text 'jay' is set on object 'Object Repository/User Management - Master Store/Master Store - BOX Simple Search'

11-06-2024T11:42:51 - [MESSAGE][PASSED] - Text 'jay' is set on object 'Object Repository/User Management - Master Store/Master Store - BOX Simple Search'

11-06-2024T11:42:51 - [TEST_STEP][PASSED] - click(findTestObject("User Management - Master Store/Master Store - Click Button Search")): Object: 'Object Repository/User Management - Master Store/Master Store - Click Button Search' is clicked on

11-06-2024T11:42:52 - [MESSAGE][PASSED] - Object: 'Object Repository/User Management - Master Store/Master Store - Click Button Search' is clicked on

11-06-2024T11:42:52 - [TEST_STEP][PASSED] - delay(3): Delayed 3 second(s)

11-06-2024T11:42:55 - [MESSAGE][PASSED] - Delayed 3 second(s)]]></system-out>
         <system-err><![CDATA[]]></system-err>
      </testcase>
      <system-out><![CDATA[11-06-2024T11:42:33 - [TEST_SUITE][PASSED] - login berhasil: Test Cases/User Management - Master Store/Simple Search]]></system-out>
      <system-err><![CDATA[]]></system-err>
   </testsuite>
</testsuites>
