<?xml version="1.0" encoding="UTF-8"?>
<testsuites name="login berhasil" time="68.285" tests="3" failures="0" errors="0">
   <testsuite name="login berhasil" tests="3" failures="0" errors="0" time="68.285" skipped="0" timestamp="12-06-2024T11:22:46" hostname="0789 - DESKTOP-51HVGAE" id="Test Suites/login/login berhasil">
      <properties>
         <property name="deviceName" value=""/>
         <property name="devicePlatform"/>
         <property name="logFolder" value="C:\\Users\\0789\\Katalon Studio\\dev mascot\\Reports\\20240612_112238\\login\\login berhasil\\20240612_112238"/>
         <property name="logFiles" value="C:\\Users\\0789\\Katalon Studio\\dev mascot\\Reports\\20240612_112238\\login\\login berhasil\\20240612_112238\\execution0.log"/>
         <property name="attachments" value=""/>
         <property name="hostName" value="0789 - DESKTOP-51HVGAE"/>
         <property name="os" value="Windows 10 64bit"/>
         <property name="katalonVersion" value="9.5.0.217"/>
         <property name="browser" value="Chrome 125.0.0.0"/>
         <property name="hostAddress" value="192.168.131.208"/>
         <property name="sessionId" value="92efbdb8d283c4866c58d3a5217ff322"/>
         <property name="seleniumVersion" value="3.141.59"/>
         <property name="proxyInformation" value="ProxyInformation { proxyOption=NO_PROXY, proxyServerType=HTTP, username=, password=********, proxyServerAddress=, proxyServerPort=0, executionList=&quot;&quot;, isApplyToDesiredCapabilities=true }"/>
         <property name="platform" value="Windows 10"/>
      </properties>
      <testcase name="Test Cases/User Management - Master Store/Open Master Store" time="40.264" classname="Test Cases/User Management - Master Store/Open Master Store" status="PASSED">
         <system-out><![CDATA[12-06-2024T11:22:47 - [TEST_CASE][PASSED] - Test Cases/User Management - Master Store/Open Master Store: Test Cases/User Management - Master Store/Open Master Store

12-06-2024T11:22:47 - [TEST_STEP][PASSED] - openBrowser("http://206.189.158.91:8080/sparepart-factory-cms/login.zul"): Browser is opened with url: 'http://206.189.158.91:8080/sparepart-factory-cms/login.zul'

12-06-2024T11:22:47 - [MESSAGE][INFO] - Starting 'Chrome' driver

12-06-2024T11:22:47 - [MESSAGE][INFO] - Action delay is set to 0 milliseconds

12-06-2024T11:23:19 - [MESSAGE][PASSED] - Browser is opened with url: 'http://206.189.158.91:8080/sparepart-factory-cms/login.zul'

12-06-2024T11:23:19 - [TEST_STEP][PASSED] - setText(findTestObject("login mascot/1. input username"), "sadm001"): Text 'sadm001' is set on object 'Object Repository/login mascot/1. input username'

12-06-2024T11:23:19 - [MESSAGE][PASSED] - Text 'sadm001' is set on object 'Object Repository/login mascot/1. input username'

12-06-2024T11:23:19 - [TEST_STEP][PASSED] - setText(findTestObject("login mascot/2. input password"), "Abc123!"): Text 'Abc123!' is set on object 'Object Repository/login mascot/2. input password'

12-06-2024T11:23:20 - [MESSAGE][PASSED] - Text 'Abc123!' is set on object 'Object Repository/login mascot/2. input password'

12-06-2024T11:23:20 - [TEST_STEP][PASSED] - click(findTestObject("login mascot/3. klik button login")): Object: 'Object Repository/login mascot/3. klik button login' is clicked on

12-06-2024T11:23:21 - [MESSAGE][PASSED] - Object: 'Object Repository/login mascot/3. klik button login' is clicked on

12-06-2024T11:23:21 - [TEST_STEP][PASSED] - delay(1): Delayed 1 second(s)

12-06-2024T11:23:22 - [MESSAGE][PASSED] - Delayed 1 second(s)

12-06-2024T11:23:22 - [TEST_STEP][PASSED] - click(findTestObject("User Management - Master Store/Master Store")): Object: 'Object Repository/User Management - Master Store/Master Store' is clicked on

12-06-2024T11:23:24 - [MESSAGE][PASSED] - Object: 'Object Repository/User Management - Master Store/Master Store' is clicked on

12-06-2024T11:23:24 - [TEST_STEP][PASSED] - delay(3): Delayed 3 second(s)

12-06-2024T11:23:27 - [MESSAGE][PASSED] - Delayed 3 second(s)]]></system-out>
         <system-err><![CDATA[]]></system-err>
      </testcase>
      <testcase name="Test Cases/User Management - Master Store/Master Store - Download Active" time="14.618" classname="Test Cases/User Management - Master Store/Master Store - Download Active" status="PASSED">
         <system-out><![CDATA[12-06-2024T11:23:27 - [TEST_CASE][PASSED] - Test Cases/User Management - Master Store/Master Store - Download Active: Test Cases/User Management - Master Store/Master Store - Download Active

12-06-2024T11:23:27 - [TEST_STEP][PASSED] - click(findTestObject("User Management - Master Store/Search by Store Active State")): Object: 'Object Repository/User Management - Master Store/Search by Store Active State' is clicked on

12-06-2024T11:23:28 - [MESSAGE][PASSED] - Object: 'Object Repository/User Management - Master Store/Search by Store Active State' is clicked on

12-06-2024T11:23:28 - [TEST_STEP][PASSED] - click(findTestObject("User Management - Master Store/Store Active State - Click button Inactive")): Object: 'Object Repository/User Management - Master Store/Store Active State - Click button Inactive' is clicked on

12-06-2024T11:23:28 - [MESSAGE][PASSED] - Object: 'Object Repository/User Management - Master Store/Store Active State - Click button Inactive' is clicked on

12-06-2024T11:23:28 - [TEST_STEP][PASSED] - click(findTestObject("User Management - Master Store/Master Store - Click Button Search")): Object: 'Object Repository/User Management - Master Store/Master Store - Click Button Search' is clicked on

12-06-2024T11:23:30 - [MESSAGE][PASSED] - Object: 'Object Repository/User Management - Master Store/Master Store - Click Button Search' is clicked on

12-06-2024T11:23:30 - [TEST_STEP][PASSED] - delay(3): Delayed 3 second(s)

12-06-2024T11:23:33 - [MESSAGE][PASSED] - Delayed 3 second(s)

12-06-2024T11:23:33 - [TEST_STEP][PASSED] - click(findTestObject("User Management - Master Store/Master Store - Download")): Object: 'Object Repository/User Management - Master Store/Master Store - Download' is clicked on

12-06-2024T11:23:34 - [MESSAGE][PASSED] - Object: 'Object Repository/User Management - Master Store/Master Store - Download' is clicked on

12-06-2024T11:23:34 - [TEST_STEP][PASSED] - delay(8): Delayed 8 second(s)

12-06-2024T11:23:42 - [MESSAGE][PASSED] - Delayed 8 second(s)]]></system-out>
         <system-err><![CDATA[]]></system-err>
      </testcase>
      <testcase name="Test Cases/User Management - Master Store/Master Store - Download Inactive" time="13.185" classname="Test Cases/User Management - Master Store/Master Store - Download Inactive" status="PASSED">
         <system-out><![CDATA[12-06-2024T11:23:42 - [TEST_CASE][PASSED] - Test Cases/User Management - Master Store/Master Store - Download Inactive: Test Cases/User Management - Master Store/Master Store - Download Inactive

12-06-2024T11:23:42 - [TEST_STEP][PASSED] - click(findTestObject("User Management - Master Store/Search by Store Active State")): Object: 'Object Repository/User Management - Master Store/Search by Store Active State' is clicked on

12-06-2024T11:23:42 - [MESSAGE][PASSED] - Object: 'Object Repository/User Management - Master Store/Search by Store Active State' is clicked on

12-06-2024T11:23:42 - [TEST_STEP][PASSED] - click(findTestObject("User Management - Master Store/Store Active State - Click button Active")): Object: 'Object Repository/User Management - Master Store/Store Active State - Click button Active' is clicked on

12-06-2024T11:23:43 - [MESSAGE][PASSED] - Object: 'Object Repository/User Management - Master Store/Store Active State - Click button Active' is clicked on

12-06-2024T11:23:43 - [TEST_STEP][PASSED] - click(findTestObject("User Management - Master Store/Master Store - Click Button Search")): Object: 'Object Repository/User Management - Master Store/Master Store - Click Button Search' is clicked on

12-06-2024T11:23:43 - [MESSAGE][PASSED] - Object: 'Object Repository/User Management - Master Store/Master Store - Click Button Search' is clicked on

12-06-2024T11:23:43 - [TEST_STEP][PASSED] - delay(3): Delayed 3 second(s)

12-06-2024T11:23:46 - [MESSAGE][PASSED] - Delayed 3 second(s)

12-06-2024T11:23:46 - [TEST_STEP][PASSED] - click(findTestObject("User Management - Master Store/Master Store - Download")): Object: 'Object Repository/User Management - Master Store/Master Store - Download' is clicked on

12-06-2024T11:23:47 - [MESSAGE][PASSED] - Object: 'Object Repository/User Management - Master Store/Master Store - Download' is clicked on

12-06-2024T11:23:47 - [TEST_STEP][PASSED] - delay(8): Delayed 8 second(s)

12-06-2024T11:23:55 - [MESSAGE][PASSED] - Delayed 8 second(s)]]></system-out>
         <system-err><![CDATA[]]></system-err>
      </testcase>
      <system-out><![CDATA[12-06-2024T11:22:46 - [TEST_SUITE][PASSED] - login berhasil: Test Cases/User Management - Master Store/Master Store - Download Inactive]]></system-out>
      <system-err><![CDATA[]]></system-err>
   </testsuite>
</testsuites>
