<?xml version="1.0" encoding="UTF-8"?>
<testsuites name="login berhasil" time="13.273" tests="1" failures="0" errors="0">
   <testsuite name="login berhasil" tests="1" failures="0" errors="0" time="13.273" skipped="0" timestamp="11-06-2024T10:13:30" hostname="0789 - DESKTOP-51HVGAE" id="Test Suites/login/login berhasil">
      <properties>
         <property name="deviceName" value=""/>
         <property name="devicePlatform"/>
         <property name="logFolder" value="C:\\Users\\0789\\Katalon Studio\\dev mascot\\Reports\\20240611_101321\\login\\login berhasil\\20240611_101321"/>
         <property name="logFiles" value="C:\\Users\\0789\\Katalon Studio\\dev mascot\\Reports\\20240611_101321\\login\\login berhasil\\20240611_101321\\execution0.log"/>
         <property name="attachments" value=""/>
         <property name="hostName" value="0789 - DESKTOP-51HVGAE"/>
         <property name="os" value="Windows 10 64bit"/>
         <property name="katalonVersion" value="9.5.0.217"/>
         <property name="browser" value="Chrome 125.0.0.0"/>
         <property name="hostAddress" value="192.168.131.208"/>
         <property name="sessionId" value="b328ee59e6d997b83803a3d7c77e15fc"/>
         <property name="seleniumVersion" value="3.141.59"/>
         <property name="proxyInformation" value="ProxyInformation { proxyOption=NO_PROXY, proxyServerType=HTTP, username=, password=********, proxyServerAddress=, proxyServerPort=0, executionList=&quot;&quot;, isApplyToDesiredCapabilities=true }"/>
         <property name="platform" value="Windows 10"/>
      </properties>
      <testcase name="Test Cases/User Management - Master Store/Open Master Store" time="13.075" classname="Test Cases/User Management - Master Store/Open Master Store" status="PASSED">
         <system-out><![CDATA[11-06-2024T10:13:31 - [TEST_CASE][PASSED] - Test Cases/User Management - Master Store/Open Master Store: Test Cases/User Management - Master Store/Open Master Store

11-06-2024T10:13:31 - [TEST_STEP][PASSED] - openBrowser("http://178.128.48.62:8080/sparepart-factory-cms/index.zul"): Browser is opened with url: 'http://178.128.48.62:8080/sparepart-factory-cms/index.zul'

11-06-2024T10:13:31 - [MESSAGE][INFO] - Starting 'Chrome' driver

11-06-2024T10:13:31 - [MESSAGE][INFO] - Action delay is set to 0 milliseconds

11-06-2024T10:13:39 - [MESSAGE][PASSED] - Browser is opened with url: 'http://178.128.48.62:8080/sparepart-factory-cms/index.zul'

11-06-2024T10:13:39 - [TEST_STEP][PASSED] - setText(findTestObject("login mascot/1. input username"), "sadm001"): Text 'sadm001' is set on object 'Object Repository/login mascot/1. input username'

11-06-2024T10:13:39 - [MESSAGE][PASSED] - Text 'sadm001' is set on object 'Object Repository/login mascot/1. input username'

11-06-2024T10:13:39 - [TEST_STEP][PASSED] - setText(findTestObject("login mascot/2. input password"), "Abc123!"): Text 'Abc123!' is set on object 'Object Repository/login mascot/2. input password'

11-06-2024T10:13:41 - [MESSAGE][PASSED] - Text 'Abc123!' is set on object 'Object Repository/login mascot/2. input password'

11-06-2024T10:13:41 - [TEST_STEP][PASSED] - click(findTestObject("login mascot/3. klik button login")): Object: 'Object Repository/login mascot/3. klik button login' is clicked on

11-06-2024T10:13:41 - [MESSAGE][PASSED] - Object: 'Object Repository/login mascot/3. klik button login' is clicked on

11-06-2024T10:13:41 - [TEST_STEP][PASSED] - click(findTestObject("User Management - Master Store/Master Store")): Object: 'Object Repository/User Management - Master Store/Master Store' is clicked on

11-06-2024T10:13:44 - [MESSAGE][PASSED] - Object: 'Object Repository/User Management - Master Store/Master Store' is clicked on]]></system-out>
         <system-err><![CDATA[]]></system-err>
      </testcase>
      <system-out><![CDATA[11-06-2024T10:13:30 - [TEST_SUITE][PASSED] - login berhasil: Test Cases/User Management - Master Store/Open Master Store]]></system-out>
      <system-err><![CDATA[]]></system-err>
   </testsuite>
</testsuites>
