<?xml version="1.0" encoding="UTF-8"?>
<testsuites name="login berhasil" time="71.053" tests="2" failures="0" errors="0">
   <testsuite name="login berhasil" tests="2" failures="0" errors="0" time="71.053" skipped="0" timestamp="11-06-2024T13:28:35" hostname="0789 - DESKTOP-51HVGAE" id="Test Suites/login/login berhasil">
      <properties>
         <property name="deviceName" value=""/>
         <property name="devicePlatform"/>
         <property name="logFolder" value="C:\\Users\\0789\\Katalon Studio\\dev mascot\\Reports\\20240611_132827\\login\\login berhasil\\20240611_132827"/>
         <property name="logFiles" value="C:\\Users\\0789\\Katalon Studio\\dev mascot\\Reports\\20240611_132827\\login\\login berhasil\\20240611_132827\\execution0.log"/>
         <property name="attachments" value=""/>
         <property name="hostName" value="0789 - DESKTOP-51HVGAE"/>
         <property name="os" value="Windows 10 64bit"/>
         <property name="katalonVersion" value="9.5.0.217"/>
         <property name="browser" value="Chrome 125.0.0.0"/>
         <property name="hostAddress" value="192.168.131.208"/>
         <property name="sessionId" value="c04e15214f312e163d47f189163152f3"/>
         <property name="seleniumVersion" value="3.141.59"/>
         <property name="proxyInformation" value="ProxyInformation { proxyOption=NO_PROXY, proxyServerType=HTTP, username=, password=********, proxyServerAddress=, proxyServerPort=0, executionList=&quot;&quot;, isApplyToDesiredCapabilities=true }"/>
         <property name="platform" value="Windows 10"/>
      </properties>
      <testcase name="Test Cases/User Management - Master User/Open Master User" time="63.853" classname="Test Cases/User Management - Master User/Open Master User" status="PASSED">
         <system-out><![CDATA[11-06-2024T13:28:35 - [TEST_CASE][PASSED] - Test Cases/User Management - Master User/Open Master User: Test Cases/User Management - Master User/Open Master User

11-06-2024T13:28:36 - [TEST_STEP][PASSED] - openBrowser("http://206.189.158.91:8080/sparepart-factory-cms/login.zul"): Browser is opened with url: 'http://206.189.158.91:8080/sparepart-factory-cms/login.zul'

11-06-2024T13:28:36 - [MESSAGE][INFO] - Starting 'Chrome' driver

11-06-2024T13:28:36 - [MESSAGE][INFO] - Action delay is set to 0 milliseconds

11-06-2024T13:29:14 - [MESSAGE][PASSED] - Browser is opened with url: 'http://206.189.158.91:8080/sparepart-factory-cms/login.zul'

11-06-2024T13:29:14 - [TEST_STEP][PASSED] - setText(findTestObject("login mascot/1. input username"), "sadm001"): Text 'sadm001' is set on object 'Object Repository/login mascot/1. input username'

11-06-2024T13:29:15 - [MESSAGE][PASSED] - Text 'sadm001' is set on object 'Object Repository/login mascot/1. input username'

11-06-2024T13:29:15 - [TEST_STEP][PASSED] - setText(findTestObject("login mascot/2. input password"), "Abc123!"): Text 'Abc123!' is set on object 'Object Repository/login mascot/2. input password'

11-06-2024T13:29:15 - [MESSAGE][PASSED] - Text 'Abc123!' is set on object 'Object Repository/login mascot/2. input password'

11-06-2024T13:29:15 - [TEST_STEP][PASSED] - click(findTestObject("login mascot/3. klik button login")): Object: 'Object Repository/login mascot/3. klik button login' is clicked on

11-06-2024T13:29:16 - [MESSAGE][PASSED] - Object: 'Object Repository/login mascot/3. klik button login' is clicked on

11-06-2024T13:29:16 - [TEST_STEP][PASSED] - delay(1): Delayed 1 second(s)

11-06-2024T13:29:17 - [MESSAGE][PASSED] - Delayed 1 second(s)

11-06-2024T13:29:17 - [TEST_STEP][PASSED] - click(findTestObject("User Management - Master User/Master User")): Object: 'Object Repository/User Management - Master User/Master User' is clicked on

11-06-2024T13:29:37 - [MESSAGE][PASSED] - Object: 'Object Repository/User Management - Master User/Master User' is clicked on

11-06-2024T13:29:37 - [TEST_STEP][PASSED] - delay(2): Delayed 2 second(s)

11-06-2024T13:29:39 - [MESSAGE][PASSED] - Delayed 2 second(s)]]></system-out>
         <system-err><![CDATA[]]></system-err>
      </testcase>
      <testcase name="Test Cases/User Management - Master User/Search IMEI" time="6.994" classname="Test Cases/User Management - Master User/Search IMEI" status="PASSED">
         <system-out><![CDATA[11-06-2024T13:29:39 - [TEST_CASE][PASSED] - Test Cases/User Management - Master User/Search IMEI: Test Cases/User Management - Master User/Search IMEI

11-06-2024T13:29:39 - [TEST_STEP][PASSED] - setText(findTestObject("User Management - Master User/Search by IMEI"), "a32b70169"): Text 'a32b70169' is set on object 'Object Repository/User Management - Master User/Search by IMEI'

11-06-2024T13:29:44 - [MESSAGE][PASSED] - Text 'a32b70169' is set on object 'Object Repository/User Management - Master User/Search by IMEI'

11-06-2024T13:29:44 - [TEST_STEP][PASSED] - click(findTestObject("User Management - Master User/User Management - Click Button Search")): Object: 'Object Repository/User Management - Master User/User Management - Click Button Search' is clicked on

11-06-2024T13:29:44 - [MESSAGE][PASSED] - Object: 'Object Repository/User Management - Master User/User Management - Click Button Search' is clicked on

11-06-2024T13:29:44 - [TEST_STEP][PASSED] - delay(2): Delayed 2 second(s)

11-06-2024T13:29:46 - [MESSAGE][PASSED] - Delayed 2 second(s)]]></system-out>
         <system-err><![CDATA[]]></system-err>
      </testcase>
      <system-out><![CDATA[11-06-2024T13:28:35 - [TEST_SUITE][PASSED] - login berhasil: Test Cases/User Management - Master User/Search IMEI]]></system-out>
      <system-err><![CDATA[]]></system-err>
   </testsuite>
</testsuites>
