<?xml version="1.0" encoding="UTF-8"?>
<testsuites name="master area 1" time="25.704" tests="2" failures="0" errors="0">
   <testsuite name="master area 1" tests="2" failures="0" errors="0" time="25.704" skipped="0" timestamp="18-06-2024T10:12:46" hostname="0789 - DESKTOP-51HVGAE" id="Test Suites/mascot/master area 1">
      <properties>
         <property name="deviceName" value=""/>
         <property name="devicePlatform"/>
         <property name="logFolder" value="C:\\Users\\0789\\Katalon Studio\\dev mascot\\Reports\\20240618_101021\\mascot\\master area 1\\20240618_101032"/>
         <property name="logFiles" value="C:\\Users\\0789\\Katalon Studio\\dev mascot\\Reports\\20240618_101021\\mascot\\master area 1\\20240618_101032\\execution0.log"/>
         <property name="attachments" value=""/>
         <property name="hostName" value="0789 - DESKTOP-51HVGAE"/>
         <property name="os" value="Windows 10 64bit"/>
         <property name="katalonVersion" value="9.5.0.217"/>
         <property name="browser" value="Chrome 126.0.0.0"/>
         <property name="hostAddress" value="192.168.131.208"/>
         <property name="sessionId" value="527d22b0430d35c5717d20aceaa6baa7"/>
         <property name="seleniumVersion" value="3.141.59"/>
         <property name="proxyInformation" value="ProxyInformation { proxyOption=NO_PROXY, proxyServerType=HTTP, username=, password=********, proxyServerAddress=, proxyServerPort=0, executionList=&quot;&quot;, isApplyToDesiredCapabilities=true }"/>
         <property name="platform" value="Windows 10"/>
      </properties>
      <testcase name="Test Cases/login mascot/login" time="7.358" classname="Test Cases/login mascot/login" status="PASSED">
         <system-out><![CDATA[18-06-2024T10:12:46 - [TEST_CASE][PASSED] - Test Cases/login mascot/login: Test Cases/login mascot/login

18-06-2024T10:12:46 - [TEST_STEP][PASSED] - openBrowser("http://206.189.158.91:8080/sparepart-factory-cms/login.zul"): Browser is opened with url: 'http://206.189.158.91:8080/sparepart-factory-cms/login.zul'

18-06-2024T10:12:47 - [MESSAGE][INFO] - Starting 'Chrome' driver

18-06-2024T10:12:47 - [MESSAGE][INFO] - Action delay is set to 0 milliseconds

18-06-2024T10:12:52 - [MESSAGE][PASSED] - Browser is opened with url: 'http://206.189.158.91:8080/sparepart-factory-cms/login.zul'

18-06-2024T10:12:52 - [TEST_STEP][PASSED] - setText(findTestObject("login mascot/1. input username"), "sadm001"): Text 'sadm001' is set on object 'Object Repository/login mascot/1. input username'

18-06-2024T10:12:52 - [MESSAGE][PASSED] - Text 'sadm001' is set on object 'Object Repository/login mascot/1. input username'

18-06-2024T10:12:52 - [TEST_STEP][PASSED] - setText(findTestObject("login mascot/2. input password"), "Abc123!"): Text 'Abc123!' is set on object 'Object Repository/login mascot/2. input password'

18-06-2024T10:12:53 - [MESSAGE][PASSED] - Text 'Abc123!' is set on object 'Object Repository/login mascot/2. input password'

18-06-2024T10:12:53 - [TEST_STEP][PASSED] - click(findTestObject("login mascot/3. klik button login")): Object: 'Object Repository/login mascot/3. klik button login' is clicked on

18-06-2024T10:12:53 - [MESSAGE][PASSED] - Object: 'Object Repository/login mascot/3. klik button login' is clicked on]]></system-out>
         <system-err><![CDATA[]]></system-err>
      </testcase>
      <testcase name="Test Cases/User Management - Master Area 1/Open Master Area 1" time="18.138" classname="Test Cases/User Management - Master Area 1/Open Master Area 1" status="PASSED">
         <system-out><![CDATA[18-06-2024T10:12:54 - [TEST_CASE][PASSED] - Test Cases/User Management - Master Area 1/Open Master Area 1: Test Cases/User Management - Master Area 1/Open Master Area 1

18-06-2024T10:12:54 - [TEST_STEP][PASSED] - openBrowser("http://206.189.158.91:8080/sparepart-factory-cms/login.zul"): Browser is opened with url: 'http://206.189.158.91:8080/sparepart-factory-cms/login.zul'

18-06-2024T10:12:54 - [MESSAGE][WARNING] - A browser is already opened. Closing browser and opening a new one

18-06-2024T10:12:54 - [MESSAGE][INFO] - Starting 'Chrome' driver

18-06-2024T10:12:54 - [MESSAGE][INFO] - Action delay is set to 0 milliseconds

18-06-2024T10:12:58 - [MESSAGE][PASSED] - Browser is opened with url: 'http://206.189.158.91:8080/sparepart-factory-cms/login.zul'

18-06-2024T10:12:58 - [TEST_STEP][PASSED] - setText(findTestObject("login mascot/1. input username"), "sadm001"): Text 'sadm001' is set on object 'Object Repository/login mascot/1. input username'

18-06-2024T10:12:59 - [MESSAGE][PASSED] - Text 'sadm001' is set on object 'Object Repository/login mascot/1. input username'

18-06-2024T10:12:59 - [TEST_STEP][PASSED] - setText(findTestObject("login mascot/2. input password"), "Abc123!"): Text 'Abc123!' is set on object 'Object Repository/login mascot/2. input password'

18-06-2024T10:13:00 - [MESSAGE][PASSED] - Text 'Abc123!' is set on object 'Object Repository/login mascot/2. input password'

18-06-2024T10:13:00 - [TEST_STEP][PASSED] - click(findTestObject("login mascot/3. klik button login")): Object: 'Object Repository/login mascot/3. klik button login' is clicked on

18-06-2024T10:13:00 - [MESSAGE][PASSED] - Object: 'Object Repository/login mascot/3. klik button login' is clicked on

18-06-2024T10:13:00 - [TEST_STEP][PASSED] - delay(3): Delayed 3 second(s)

18-06-2024T10:13:03 - [MESSAGE][PASSED] - Delayed 3 second(s)

18-06-2024T10:13:03 - [TEST_STEP][PASSED] - click(findTestObject("User Management - Master Area 1/Open Master Area 1")): Object: 'Object Repository/User Management - Master Area 1/Open Master Area 1' is clicked on

18-06-2024T10:13:04 - [MESSAGE][PASSED] - Object: 'Object Repository/User Management - Master Area 1/Open Master Area 1' is clicked on

18-06-2024T10:13:04 - [TEST_STEP][PASSED] - delay(8): Delayed 8 second(s)

18-06-2024T10:13:12 - [MESSAGE][PASSED] - Delayed 8 second(s)]]></system-out>
         <system-err><![CDATA[]]></system-err>
      </testcase>
      <system-out><![CDATA[18-06-2024T10:12:46 - [TEST_SUITE][PASSED] - master area 1: Test Cases/User Management - Master Area 1/Open Master Area 1]]></system-out>
      <system-err><![CDATA[]]></system-err>
   </testsuite>
</testsuites>
