<?xml version="1.0" encoding="UTF-8"?>
<testsuites name="login berhasil" time="20.435" tests="2" failures="0" errors="0">
   <testsuite name="login berhasil" tests="2" failures="0" errors="0" time="20.435" skipped="0" timestamp="12-06-2024T10:38:18" hostname="0789 - DESKTOP-51HVGAE" id="Test Suites/login/login berhasil">
      <properties>
         <property name="deviceName" value=""/>
         <property name="devicePlatform"/>
         <property name="logFolder" value="C:\\Users\\0789\\Katalon Studio\\dev mascot\\Reports\\20240612_103808\\login\\login berhasil\\20240612_103809"/>
         <property name="logFiles" value="C:\\Users\\0789\\Katalon Studio\\dev mascot\\Reports\\20240612_103808\\login\\login berhasil\\20240612_103809\\execution0.log"/>
         <property name="attachments" value=""/>
         <property name="hostName" value="0789 - DESKTOP-51HVGAE"/>
         <property name="os" value="Windows 10 64bit"/>
         <property name="katalonVersion" value="9.5.0.217"/>
         <property name="browser" value="Chrome 125.0.0.0"/>
         <property name="hostAddress" value="192.168.131.208"/>
         <property name="sessionId" value="6931fbfe97a1cd53bc8d368a2c922d07"/>
         <property name="seleniumVersion" value="3.141.59"/>
         <property name="proxyInformation" value="ProxyInformation { proxyOption=NO_PROXY, proxyServerType=HTTP, username=, password=********, proxyServerAddress=, proxyServerPort=0, executionList=&quot;&quot;, isApplyToDesiredCapabilities=true }"/>
         <property name="platform" value="Windows 10"/>
      </properties>
      <testcase name="Test Cases/User Management - Master NFC/Open Master NFC" time="13.9" classname="Test Cases/User Management - Master NFC/Open Master NFC" status="PASSED">
         <system-out><![CDATA[12-06-2024T10:38:18 - [TEST_CASE][PASSED] - Test Cases/User Management - Master NFC/Open Master NFC: Test Cases/User Management - Master NFC/Open Master NFC

12-06-2024T10:38:19 - [TEST_STEP][PASSED] - openBrowser("http://206.189.158.91:8080/sparepart-factory-cms/login.zul"): Browser is opened with url: 'http://206.189.158.91:8080/sparepart-factory-cms/login.zul'

12-06-2024T10:38:19 - [MESSAGE][INFO] - Starting 'Chrome' driver

12-06-2024T10:38:19 - [MESSAGE][INFO] - Action delay is set to 0 milliseconds

12-06-2024T10:38:24 - [MESSAGE][PASSED] - Browser is opened with url: 'http://206.189.158.91:8080/sparepart-factory-cms/login.zul'

12-06-2024T10:38:24 - [TEST_STEP][PASSED] - setText(findTestObject("login mascot/1. input username"), "sadm001"): Text 'sadm001' is set on object 'Object Repository/login mascot/1. input username'

12-06-2024T10:38:24 - [MESSAGE][PASSED] - Text 'sadm001' is set on object 'Object Repository/login mascot/1. input username'

12-06-2024T10:38:24 - [TEST_STEP][PASSED] - setText(findTestObject("login mascot/2. input password"), "Abc123!"): Text 'Abc123!' is set on object 'Object Repository/login mascot/2. input password'

12-06-2024T10:38:25 - [MESSAGE][PASSED] - Text 'Abc123!' is set on object 'Object Repository/login mascot/2. input password'

12-06-2024T10:38:25 - [TEST_STEP][PASSED] - click(findTestObject("login mascot/3. klik button login")): Object: 'Object Repository/login mascot/3. klik button login' is clicked on

12-06-2024T10:38:26 - [MESSAGE][PASSED] - Object: 'Object Repository/login mascot/3. klik button login' is clicked on

12-06-2024T10:38:26 - [TEST_STEP][PASSED] - delay(3): Delayed 3 second(s)

12-06-2024T10:38:29 - [MESSAGE][PASSED] - Delayed 3 second(s)

12-06-2024T10:38:29 - [TEST_STEP][PASSED] - click(findTestObject("User Management - Master NFC/Open Master NFC")): Object: 'Object Repository/User Management - Master NFC/Open Master NFC' is clicked on

12-06-2024T10:38:29 - [MESSAGE][PASSED] - Object: 'Object Repository/User Management - Master NFC/Open Master NFC' is clicked on

12-06-2024T10:38:29 - [TEST_STEP][PASSED] - delay(3): Delayed 3 second(s)

12-06-2024T10:38:32 - [MESSAGE][PASSED] - Delayed 3 second(s)]]></system-out>
         <system-err><![CDATA[]]></system-err>
      </testcase>
      <testcase name="Test Cases/User Management - Master NFC/Search by NFC Tag Content" time="6.339" classname="Test Cases/User Management - Master NFC/Search by NFC Tag Content" status="PASSED">
         <system-out><![CDATA[12-06-2024T10:38:32 - [TEST_CASE][PASSED] - Test Cases/User Management - Master NFC/Search by NFC Tag Content: Test Cases/User Management - Master NFC/Search by NFC Tag Content

12-06-2024T10:38:32 - [TEST_STEP][PASSED] - setText(findTestObject("User Management - Master NFC/Search by NFC Tag Content"), "ACUAN"): Text 'ACUAN' is set on object 'Object Repository/User Management - Master NFC/Search by NFC Tag Content'

12-06-2024T10:38:33 - [MESSAGE][PASSED] - Text 'ACUAN' is set on object 'Object Repository/User Management - Master NFC/Search by NFC Tag Content'

12-06-2024T10:38:33 - [TEST_STEP][PASSED] - click(findTestObject("User Management - Master NFC/Master NFC - Click button Search")): Object: 'Object Repository/User Management - Master NFC/Master NFC - Click button Search' is clicked on

12-06-2024T10:38:33 - [MESSAGE][PASSED] - Object: 'Object Repository/User Management - Master NFC/Master NFC - Click button Search' is clicked on

12-06-2024T10:38:33 - [TEST_STEP][PASSED] - delay(5): Delayed 5 second(s)

12-06-2024T10:38:38 - [MESSAGE][PASSED] - Delayed 5 second(s)]]></system-out>
         <system-err><![CDATA[]]></system-err>
      </testcase>
      <system-out><![CDATA[12-06-2024T10:38:18 - [TEST_SUITE][PASSED] - login berhasil: Test Cases/User Management - Master NFC/Search by NFC Tag Content]]></system-out>
      <system-err><![CDATA[]]></system-err>
   </testsuite>
</testsuites>
