<?xml version="1.0" encoding="UTF-8"?>
<testsuites name="master NFC" time="24.53" tests="2" failures="0" errors="0">
   <testsuite name="master NFC" tests="2" failures="0" errors="0" time="24.53" skipped="0" timestamp="18-06-2024T10:14:07" hostname="0789 - DESKTOP-51HVGAE" id="Test Suites/mascot/master NFC">
      <properties>
         <property name="deviceName" value=""/>
         <property name="devicePlatform"/>
         <property name="logFolder" value="C:\\Users\\0789\\Katalon Studio\\dev mascot\\Reports\\20240618_101021\\mascot\\master NFC\\20240618_101037"/>
         <property name="logFiles" value="C:\\Users\\0789\\Katalon Studio\\dev mascot\\Reports\\20240618_101021\\mascot\\master NFC\\20240618_101037\\execution0.log"/>
         <property name="attachments" value=""/>
         <property name="hostName" value="0789 - DESKTOP-51HVGAE"/>
         <property name="os" value="Windows 10 64bit"/>
         <property name="katalonVersion" value="9.5.0.217"/>
         <property name="browser" value="Chrome 126.0.0.0"/>
         <property name="hostAddress" value="192.168.131.208"/>
         <property name="sessionId" value="63a570b86b82174c8ff5f0c8c38889bb"/>
         <property name="seleniumVersion" value="3.141.59"/>
         <property name="proxyInformation" value="ProxyInformation { proxyOption=NO_PROXY, proxyServerType=HTTP, username=, password=********, proxyServerAddress=, proxyServerPort=0, executionList=&quot;&quot;, isApplyToDesiredCapabilities=true }"/>
         <property name="platform" value="Windows 10"/>
      </properties>
      <testcase name="Test Cases/login mascot/login" time="10.283" classname="Test Cases/login mascot/login" status="PASSED">
         <system-out><![CDATA[18-06-2024T10:14:07 - [TEST_CASE][PASSED] - Test Cases/login mascot/login: Test Cases/login mascot/login

18-06-2024T10:14:08 - [TEST_STEP][PASSED] - openBrowser("http://206.189.158.91:8080/sparepart-factory-cms/login.zul"): Browser is opened with url: 'http://206.189.158.91:8080/sparepart-factory-cms/login.zul'

18-06-2024T10:14:08 - [MESSAGE][INFO] - Starting 'Chrome' driver

18-06-2024T10:14:08 - [MESSAGE][INFO] - Action delay is set to 0 milliseconds

18-06-2024T10:14:16 - [MESSAGE][PASSED] - Browser is opened with url: 'http://206.189.158.91:8080/sparepart-factory-cms/login.zul'

18-06-2024T10:14:16 - [TEST_STEP][PASSED] - setText(findTestObject("login mascot/1. input username"), "sadm001"): Text 'sadm001' is set on object 'Object Repository/login mascot/1. input username'

18-06-2024T10:14:17 - [MESSAGE][PASSED] - Text 'sadm001' is set on object 'Object Repository/login mascot/1. input username'

18-06-2024T10:14:17 - [TEST_STEP][PASSED] - setText(findTestObject("login mascot/2. input password"), "Abc123!"): Text 'Abc123!' is set on object 'Object Repository/login mascot/2. input password'

18-06-2024T10:14:17 - [MESSAGE][PASSED] - Text 'Abc123!' is set on object 'Object Repository/login mascot/2. input password'

18-06-2024T10:14:17 - [TEST_STEP][PASSED] - click(findTestObject("login mascot/3. klik button login")): Object: 'Object Repository/login mascot/3. klik button login' is clicked on

18-06-2024T10:14:18 - [MESSAGE][PASSED] - Object: 'Object Repository/login mascot/3. klik button login' is clicked on]]></system-out>
         <system-err><![CDATA[]]></system-err>
      </testcase>
      <testcase name="Test Cases/User Management - Master NFC/Open Master NFC" time="14.055" classname="Test Cases/User Management - Master NFC/Open Master NFC" status="PASSED">
         <system-out><![CDATA[18-06-2024T10:14:18 - [TEST_CASE][PASSED] - Test Cases/User Management - Master NFC/Open Master NFC: Test Cases/User Management - Master NFC/Open Master NFC

18-06-2024T10:14:18 - [TEST_STEP][PASSED] - openBrowser("http://206.189.158.91:8080/sparepart-factory-cms/login.zul"): Browser is opened with url: 'http://206.189.158.91:8080/sparepart-factory-cms/login.zul'

18-06-2024T10:14:18 - [MESSAGE][WARNING] - A browser is already opened. Closing browser and opening a new one

18-06-2024T10:14:18 - [MESSAGE][INFO] - Starting 'Chrome' driver

18-06-2024T10:14:18 - [MESSAGE][INFO] - Action delay is set to 0 milliseconds

18-06-2024T10:14:23 - [MESSAGE][PASSED] - Browser is opened with url: 'http://206.189.158.91:8080/sparepart-factory-cms/login.zul'

18-06-2024T10:14:23 - [TEST_STEP][PASSED] - setText(findTestObject("login mascot/1. input username"), "sadm001"): Text 'sadm001' is set on object 'Object Repository/login mascot/1. input username'

18-06-2024T10:14:24 - [MESSAGE][PASSED] - Text 'sadm001' is set on object 'Object Repository/login mascot/1. input username'

18-06-2024T10:14:24 - [TEST_STEP][PASSED] - setText(findTestObject("login mascot/2. input password"), "Abc123!"): Text 'Abc123!' is set on object 'Object Repository/login mascot/2. input password'

18-06-2024T10:14:25 - [MESSAGE][PASSED] - Text 'Abc123!' is set on object 'Object Repository/login mascot/2. input password'

18-06-2024T10:14:25 - [TEST_STEP][PASSED] - click(findTestObject("login mascot/3. klik button login")): Object: 'Object Repository/login mascot/3. klik button login' is clicked on

18-06-2024T10:14:25 - [MESSAGE][PASSED] - Object: 'Object Repository/login mascot/3. klik button login' is clicked on

18-06-2024T10:14:25 - [TEST_STEP][PASSED] - delay(3): Delayed 3 second(s)

18-06-2024T10:14:28 - [MESSAGE][PASSED] - Delayed 3 second(s)

18-06-2024T10:14:28 - [TEST_STEP][PASSED] - click(findTestObject("User Management - Master NFC/Open Master NFC")): Object: 'Object Repository/User Management - Master NFC/Open Master NFC' is clicked on

18-06-2024T10:14:29 - [MESSAGE][PASSED] - Object: 'Object Repository/User Management - Master NFC/Open Master NFC' is clicked on

18-06-2024T10:14:29 - [TEST_STEP][PASSED] - delay(3): Delayed 3 second(s)

18-06-2024T10:14:32 - [MESSAGE][PASSED] - Delayed 3 second(s)]]></system-out>
         <system-err><![CDATA[]]></system-err>
      </testcase>
      <system-out><![CDATA[18-06-2024T10:14:07 - [TEST_SUITE][PASSED] - master NFC: Test Cases/User Management - Master NFC/Open Master NFC]]></system-out>
      <system-err><![CDATA[]]></system-err>
   </testsuite>
</testsuites>
