<?xml version="1.0" encoding="UTF-8"?>
<testsuites name="master area 1" time="25.886" tests="2" failures="0" errors="0">
   <testsuite name="master area 1" tests="2" failures="0" errors="0" time="25.886" skipped="0" timestamp="25-06-2024T14:59:44" hostname="0789 - DESKTOP-51HVGAE" id="Test Suites/mascot/master area 1">
      <properties>
         <property name="deviceName" value=""/>
         <property name="devicePlatform"/>
         <property name="logFolder" value="C:\\Users\\0789\\git\\dev-mascot\\Reports\\20240625_145900\\mascot\\master area 1\\20240625_145904"/>
         <property name="logFiles" value="C:\\Users\\0789\\git\\dev-mascot\\Reports\\20240625_145900\\mascot\\master area 1\\20240625_145904\\execution0.log"/>
         <property name="attachments" value=""/>
         <property name="hostName" value="0789 - DESKTOP-51HVGAE"/>
         <property name="os" value="Windows 10 64bit"/>
         <property name="katalonVersion" value="9.5.0.217"/>
         <property name="browser" value="Chrome 126.0.0.0"/>
         <property name="hostAddress" value="192.168.4.208"/>
         <property name="sessionId" value="85bc341ad145a72047f4bda2078866f9"/>
         <property name="seleniumVersion" value="3.141.59"/>
         <property name="proxyInformation" value="ProxyInformation { proxyOption=NO_PROXY, proxyServerType=HTTP, username=, password=********, proxyServerAddress=, proxyServerPort=0, executionList=&quot;&quot;, isApplyToDesiredCapabilities=true }"/>
         <property name="platform" value="Windows 10"/>
      </properties>
      <testcase name="Test Cases/login mascot/login" time="7.97" classname="Test Cases/login mascot/login" status="PASSED">
         <system-out><![CDATA[25-06-2024T14:59:44 - [TEST_CASE][PASSED] - Test Cases/login mascot/login: Test Cases/login mascot/login

25-06-2024T14:59:44 - [TEST_STEP][PASSED] - openBrowser("http://206.189.158.91:8080/sparepart-factory-cms/login.zul"): Browser is opened with url: 'http://206.189.158.91:8080/sparepart-factory-cms/login.zul'

25-06-2024T14:59:45 - [MESSAGE][INFO] - Starting 'Chrome' driver

25-06-2024T14:59:45 - [MESSAGE][INFO] - Action delay is set to 0 milliseconds

25-06-2024T14:59:50 - [MESSAGE][PASSED] - Browser is opened with url: 'http://206.189.158.91:8080/sparepart-factory-cms/login.zul'

25-06-2024T14:59:50 - [TEST_STEP][PASSED] - setText(findTestObject("login mascot/1. input username"), "sadm001"): Text 'sadm001' is set on object 'Object Repository/login mascot/1. input username'

25-06-2024T14:59:51 - [MESSAGE][PASSED] - Text 'sadm001' is set on object 'Object Repository/login mascot/1. input username'

25-06-2024T14:59:51 - [TEST_STEP][PASSED] - setText(findTestObject("login mascot/2. input password"), "Abc123!"): Text 'Abc123!' is set on object 'Object Repository/login mascot/2. input password'

25-06-2024T14:59:51 - [MESSAGE][PASSED] - Text 'Abc123!' is set on object 'Object Repository/login mascot/2. input password'

25-06-2024T14:59:51 - [TEST_STEP][PASSED] - click(findTestObject("login mascot/3. klik button login")): Object: 'Object Repository/login mascot/3. klik button login' is clicked on

25-06-2024T14:59:52 - [MESSAGE][PASSED] - Object: 'Object Repository/login mascot/3. klik button login' is clicked on]]></system-out>
         <system-err><![CDATA[]]></system-err>
      </testcase>
      <testcase name="Test Cases/User Management - Master Area 1/Open Master Area 1" time="17.725" classname="Test Cases/User Management - Master Area 1/Open Master Area 1" status="PASSED">
         <system-out><![CDATA[25-06-2024T14:59:52 - [TEST_CASE][PASSED] - Test Cases/User Management - Master Area 1/Open Master Area 1: Test Cases/User Management - Master Area 1/Open Master Area 1

25-06-2024T14:59:52 - [TEST_STEP][PASSED] - openBrowser("http://206.189.158.91:8080/sparepart-factory-cms/login.zul"): Browser is opened with url: 'http://206.189.158.91:8080/sparepart-factory-cms/login.zul'

25-06-2024T14:59:52 - [MESSAGE][WARNING] - A browser is already opened. Closing browser and opening a new one

25-06-2024T14:59:52 - [MESSAGE][INFO] - Starting 'Chrome' driver

25-06-2024T14:59:52 - [MESSAGE][INFO] - Action delay is set to 0 milliseconds

25-06-2024T14:59:56 - [MESSAGE][PASSED] - Browser is opened with url: 'http://206.189.158.91:8080/sparepart-factory-cms/login.zul'

25-06-2024T14:59:56 - [TEST_STEP][PASSED] - setText(findTestObject("login mascot/1. input username"), "sadm001"): Text 'sadm001' is set on object 'Object Repository/login mascot/1. input username'

25-06-2024T14:59:57 - [MESSAGE][PASSED] - Text 'sadm001' is set on object 'Object Repository/login mascot/1. input username'

25-06-2024T14:59:57 - [TEST_STEP][PASSED] - setText(findTestObject("login mascot/2. input password"), "Abc123!"): Text 'Abc123!' is set on object 'Object Repository/login mascot/2. input password'

25-06-2024T14:59:58 - [MESSAGE][PASSED] - Text 'Abc123!' is set on object 'Object Repository/login mascot/2. input password'

25-06-2024T14:59:58 - [TEST_STEP][PASSED] - click(findTestObject("login mascot/3. klik button login")): Object: 'Object Repository/login mascot/3. klik button login' is clicked on

25-06-2024T14:59:58 - [MESSAGE][PASSED] - Object: 'Object Repository/login mascot/3. klik button login' is clicked on

25-06-2024T14:59:58 - [TEST_STEP][PASSED] - delay(3): Delayed 3 second(s)

25-06-2024T15:00:01 - [MESSAGE][PASSED] - Delayed 3 second(s)

25-06-2024T15:00:01 - [TEST_STEP][PASSED] - click(findTestObject("User Management - Master Area 1/Open Master Area 1")): Object: 'Object Repository/User Management - Master Area 1/Open Master Area 1' is clicked on

25-06-2024T15:00:02 - [MESSAGE][PASSED] - Object: 'Object Repository/User Management - Master Area 1/Open Master Area 1' is clicked on

25-06-2024T15:00:02 - [TEST_STEP][PASSED] - delay(8): Delayed 8 second(s)

25-06-2024T15:00:10 - [MESSAGE][PASSED] - Delayed 8 second(s)]]></system-out>
         <system-err><![CDATA[]]></system-err>
      </testcase>
      <system-out><![CDATA[25-06-2024T14:59:44 - [TEST_SUITE][PASSED] - master area 1: Test Cases/User Management - Master Area 1/Open Master Area 1]]></system-out>
      <system-err><![CDATA[]]></system-err>
   </testsuite>
</testsuites>
