<?xml version="1.0" encoding="UTF-8"?>
<testsuites name="login berhasil" time="29.948" tests="1" failures="0" errors="0">
   <testsuite name="login berhasil" tests="1" failures="0" errors="0" time="29.948" skipped="0" timestamp="18-06-2024T11:41:57" hostname="0789 - DESKTOP-51HVGAE" id="Test Suites/mascot/login berhasil">
      <properties>
         <property name="deviceName" value=""/>
         <property name="devicePlatform"/>
         <property name="logFolder" value="C:\\Users\\0789\\Katalon Studio\\dev mascot\\Reports\\20240618_114134\\mascot\\login berhasil\\20240618_114137"/>
         <property name="logFiles" value="C:\\Users\\0789\\Katalon Studio\\dev mascot\\Reports\\20240618_114134\\mascot\\login berhasil\\20240618_114137\\execution0.log"/>
         <property name="attachments" value=""/>
         <property name="hostName" value="0789 - DESKTOP-51HVGAE"/>
         <property name="os" value="Windows 10 64bit"/>
         <property name="katalonVersion" value="9.5.0.217"/>
         <property name="browser" value="Chrome 126.0.0.0"/>
         <property name="hostAddress" value="192.168.131.208"/>
         <property name="sessionId" value="f0714492cd8d023a01df2d1131678843"/>
         <property name="seleniumVersion" value="3.141.59"/>
         <property name="proxyInformation" value="ProxyInformation { proxyOption=NO_PROXY, proxyServerType=HTTP, username=, password=********, proxyServerAddress=, proxyServerPort=0, executionList=&quot;&quot;, isApplyToDesiredCapabilities=true }"/>
         <property name="platform" value="Windows 10"/>
      </properties>
      <testcase name="Test Cases/login mascot/login" time="29.156" classname="Test Cases/login mascot/login" status="PASSED">
         <system-out><![CDATA[18-06-2024T11:41:58 - [TEST_CASE][PASSED] - Test Cases/login mascot/login: Test Cases/login mascot/login

18-06-2024T11:42:01 - [TEST_STEP][PASSED] - openBrowser("http://206.189.158.91:8080/sparepart-factory-cms/login.zul"): Browser is opened with url: 'http://206.189.158.91:8080/sparepart-factory-cms/login.zul'

18-06-2024T11:42:04 - [MESSAGE][INFO] - Starting 'Chrome' driver

18-06-2024T11:42:04 - [MESSAGE][INFO] - Action delay is set to 0 milliseconds

18-06-2024T11:42:15 - [MESSAGE][PASSED] - Browser is opened with url: 'http://206.189.158.91:8080/sparepart-factory-cms/login.zul'

18-06-2024T11:42:15 - [TEST_STEP][PASSED] - setText(findTestObject("login mascot/1. input username"), "sadm001"): Text 'sadm001' is set on object 'Object Repository/login mascot/1. input username'

18-06-2024T11:42:22 - [MESSAGE][PASSED] - Text 'sadm001' is set on object 'Object Repository/login mascot/1. input username'

18-06-2024T11:42:22 - [TEST_STEP][PASSED] - setText(findTestObject("login mascot/2. input password"), "Abc123!"): Text 'Abc123!' is set on object 'Object Repository/login mascot/2. input password'

18-06-2024T11:42:25 - [MESSAGE][PASSED] - Text 'Abc123!' is set on object 'Object Repository/login mascot/2. input password'

18-06-2024T11:42:25 - [TEST_STEP][PASSED] - click(findTestObject("login mascot/3. klik button login")): Object: 'Object Repository/login mascot/3. klik button login' is clicked on

18-06-2024T11:42:27 - [MESSAGE][PASSED] - Object: 'Object Repository/login mascot/3. klik button login' is clicked on]]></system-out>
         <system-err><![CDATA[]]></system-err>
      </testcase>
      <system-out><![CDATA[18-06-2024T11:41:57 - [TEST_SUITE][PASSED] - login berhasil: Test Cases/login mascot/login]]></system-out>
      <system-err><![CDATA[]]></system-err>
   </testsuite>
</testsuites>
