<?xml version="1.0" encoding="UTF-8"?>
<testsuites name="collection mascot" time="75.248" tests="6" failures="0" errors="0">
   <testsuite name="login berhasil" tests="2" failures="0" errors="0" time="10.223" skipped="0" timestamp="25-06-2024T15:00:59" hostname="0789 - DESKTOP-51HVGAE" id="Test Suites/mascot/login berhasil">
      <properties>
         <property name="deviceName" value=""/>
         <property name="devicePlatform"/>
         <property name="logFolder" value="C:\\Users\\0789\\git\\dev-mascot\\Reports\\20240625_150048\\mascot\\login berhasil\\20240625_150049"/>
         <property name="logFiles" value="C:\\Users\\0789\\git\\dev-mascot\\Reports\\20240625_150048\\mascot\\login berhasil\\20240625_150049\\execution0.log"/>
         <property name="attachments" value=""/>
         <property name="hostName" value="0789 - DESKTOP-51HVGAE"/>
         <property name="os" value="Windows 10 64bit"/>
         <property name="katalonVersion" value="9.5.0.217"/>
         <property name="browser" value="Chrome 126.0.0.0"/>
         <property name="hostAddress" value="192.168.4.208"/>
         <property name="sessionId" value="526013f147386e73ec2b10e127db97e7"/>
         <property name="seleniumVersion" value="3.141.59"/>
         <property name="proxyInformation" value="ProxyInformation { proxyOption=NO_PROXY, proxyServerType=HTTP, username=, password=********, proxyServerAddress=, proxyServerPort=0, executionList=&quot;&quot;, isApplyToDesiredCapabilities=true }"/>
         <property name="platform" value="Windows 10"/>
      </properties>
      <testcase name="Test Cases/login mascot/login" time="7.296" classname="Test Cases/login mascot/login" status="PASSED">
         <system-out><![CDATA[25-06-2024T15:00:59 - [TEST_CASE][PASSED] - Test Cases/login mascot/login: Test Cases/login mascot/login

25-06-2024T15:00:59 - [TEST_STEP][PASSED] - openBrowser("http://206.189.158.91:8080/sparepart-factory-cms/login.zul"): Browser is opened with url: 'http://206.189.158.91:8080/sparepart-factory-cms/login.zul'

25-06-2024T15:01:00 - [MESSAGE][INFO] - Starting 'Chrome' driver

25-06-2024T15:01:00 - [MESSAGE][INFO] - Action delay is set to 0 milliseconds

25-06-2024T15:01:04 - [MESSAGE][PASSED] - Browser is opened with url: 'http://206.189.158.91:8080/sparepart-factory-cms/login.zul'

25-06-2024T15:01:04 - [TEST_STEP][PASSED] - setText(findTestObject("login mascot/1. input username"), "sadm001"): Text 'sadm001' is set on object 'Object Repository/login mascot/1. input username'

25-06-2024T15:01:05 - [MESSAGE][PASSED] - Text 'sadm001' is set on object 'Object Repository/login mascot/1. input username'

25-06-2024T15:01:05 - [TEST_STEP][PASSED] - setText(findTestObject("login mascot/2. input password"), "Abc123!"): Text 'Abc123!' is set on object 'Object Repository/login mascot/2. input password'

25-06-2024T15:01:06 - [MESSAGE][PASSED] - Text 'Abc123!' is set on object 'Object Repository/login mascot/2. input password'

25-06-2024T15:01:06 - [TEST_STEP][PASSED] - click(findTestObject("login mascot/3. klik button login")): Object: 'Object Repository/login mascot/3. klik button login' is clicked on

25-06-2024T15:01:06 - [MESSAGE][PASSED] - Object: 'Object Repository/login mascot/3. klik button login' is clicked on]]></system-out>
         <system-err><![CDATA[]]></system-err>
      </testcase>
      <testcase name="Test Cases/Dashboard CMS/list dashboard" time="2.719" classname="Test Cases/Dashboard CMS/list dashboard" status="PASSED">
         <system-out><![CDATA[25-06-2024T15:01:06 - [TEST_CASE][PASSED] - Test Cases/Dashboard CMS/list dashboard: Test Cases/Dashboard CMS/list dashboard

25-06-2024T15:01:07 - [TEST_STEP][PASSED] - click(findTestObject("Dashboard CMS/list dashboard")): Object: 'Object Repository/Dashboard CMS/list dashboard' is clicked on

25-06-2024T15:01:08 - [MESSAGE][PASSED] - Object: 'Object Repository/Dashboard CMS/list dashboard' is clicked on

25-06-2024T15:01:08 - [TEST_STEP][PASSED] - click(findTestObject("Dashboard CMS/list dashboard")): Object: 'Object Repository/Dashboard CMS/list dashboard' is clicked on

25-06-2024T15:01:09 - [MESSAGE][PASSED] - Object: 'Object Repository/Dashboard CMS/list dashboard' is clicked on]]></system-out>
         <system-err><![CDATA[]]></system-err>
      </testcase>
      <system-out><![CDATA[25-06-2024T15:00:59 - [TEST_SUITE][PASSED] - login berhasil: Test Cases/Dashboard CMS/list dashboard]]></system-out>
      <system-err><![CDATA[]]></system-err>
   </testsuite>
   <testsuite name="master area 1" tests="2" failures="0" errors="0" time="23.894" skipped="0" timestamp="25-06-2024T15:01:15" hostname="0789 - DESKTOP-51HVGAE" id="Test Suites/mascot/master area 1">
      <properties>
         <property name="deviceName" value=""/>
         <property name="devicePlatform"/>
         <property name="logFolder" value="C:\\Users\\0789\\git\\dev-mascot\\Reports\\20240625_150048\\mascot\\master area 1\\20240625_150051"/>
         <property name="logFiles" value="C:\\Users\\0789\\git\\dev-mascot\\Reports\\20240625_150048\\mascot\\master area 1\\20240625_150051\\execution0.log"/>
         <property name="attachments" value=""/>
         <property name="hostName" value="0789 - DESKTOP-51HVGAE"/>
         <property name="os" value="Windows 10 64bit"/>
         <property name="katalonVersion" value="9.5.0.217"/>
         <property name="browser" value="Chrome 126.0.0.0"/>
         <property name="hostAddress" value="192.168.4.208"/>
         <property name="sessionId" value="ccae19f526e58e3d7e8e7994121e6bf9"/>
         <property name="seleniumVersion" value="3.141.59"/>
         <property name="proxyInformation" value="ProxyInformation { proxyOption=NO_PROXY, proxyServerType=HTTP, username=, password=********, proxyServerAddress=, proxyServerPort=0, executionList=&quot;&quot;, isApplyToDesiredCapabilities=true }"/>
         <property name="platform" value="Windows 10"/>
      </properties>
      <testcase name="Test Cases/login mascot/login" time="6.846" classname="Test Cases/login mascot/login" status="PASSED">
         <system-out><![CDATA[25-06-2024T15:01:15 - [TEST_CASE][PASSED] - Test Cases/login mascot/login: Test Cases/login mascot/login

25-06-2024T15:01:16 - [TEST_STEP][PASSED] - openBrowser("http://206.189.158.91:8080/sparepart-factory-cms/login.zul"): Browser is opened with url: 'http://206.189.158.91:8080/sparepart-factory-cms/login.zul'

25-06-2024T15:01:16 - [MESSAGE][INFO] - Starting 'Chrome' driver

25-06-2024T15:01:16 - [MESSAGE][INFO] - Action delay is set to 0 milliseconds

25-06-2024T15:01:20 - [MESSAGE][PASSED] - Browser is opened with url: 'http://206.189.158.91:8080/sparepart-factory-cms/login.zul'

25-06-2024T15:01:21 - [TEST_STEP][PASSED] - setText(findTestObject("login mascot/1. input username"), "sadm001"): Text 'sadm001' is set on object 'Object Repository/login mascot/1. input username'

25-06-2024T15:01:21 - [MESSAGE][PASSED] - Text 'sadm001' is set on object 'Object Repository/login mascot/1. input username'

25-06-2024T15:01:21 - [TEST_STEP][PASSED] - setText(findTestObject("login mascot/2. input password"), "Abc123!"): Text 'Abc123!' is set on object 'Object Repository/login mascot/2. input password'

25-06-2024T15:01:22 - [MESSAGE][PASSED] - Text 'Abc123!' is set on object 'Object Repository/login mascot/2. input password'

25-06-2024T15:01:22 - [TEST_STEP][PASSED] - click(findTestObject("login mascot/3. klik button login")): Object: 'Object Repository/login mascot/3. klik button login' is clicked on

25-06-2024T15:01:22 - [MESSAGE][PASSED] - Object: 'Object Repository/login mascot/3. klik button login' is clicked on]]></system-out>
         <system-err><![CDATA[]]></system-err>
      </testcase>
      <testcase name="Test Cases/User Management - Master Area 1/Open Master Area 1" time="16.851" classname="Test Cases/User Management - Master Area 1/Open Master Area 1" status="PASSED">
         <system-out><![CDATA[25-06-2024T15:01:22 - [TEST_CASE][PASSED] - Test Cases/User Management - Master Area 1/Open Master Area 1: Test Cases/User Management - Master Area 1/Open Master Area 1

25-06-2024T15:01:22 - [TEST_STEP][PASSED] - openBrowser("http://206.189.158.91:8080/sparepart-factory-cms/login.zul"): Browser is opened with url: 'http://206.189.158.91:8080/sparepart-factory-cms/login.zul'

25-06-2024T15:01:22 - [MESSAGE][WARNING] - A browser is already opened. Closing browser and opening a new one

25-06-2024T15:01:23 - [MESSAGE][INFO] - Starting 'Chrome' driver

25-06-2024T15:01:23 - [MESSAGE][INFO] - Action delay is set to 0 milliseconds

25-06-2024T15:01:26 - [MESSAGE][PASSED] - Browser is opened with url: 'http://206.189.158.91:8080/sparepart-factory-cms/login.zul'

25-06-2024T15:01:26 - [TEST_STEP][PASSED] - setText(findTestObject("login mascot/1. input username"), "sadm001"): Text 'sadm001' is set on object 'Object Repository/login mascot/1. input username'

25-06-2024T15:01:26 - [MESSAGE][PASSED] - Text 'sadm001' is set on object 'Object Repository/login mascot/1. input username'

25-06-2024T15:01:26 - [TEST_STEP][PASSED] - setText(findTestObject("login mascot/2. input password"), "Abc123!"): Text 'Abc123!' is set on object 'Object Repository/login mascot/2. input password'

25-06-2024T15:01:27 - [MESSAGE][PASSED] - Text 'Abc123!' is set on object 'Object Repository/login mascot/2. input password'

25-06-2024T15:01:27 - [TEST_STEP][PASSED] - click(findTestObject("login mascot/3. klik button login")): Object: 'Object Repository/login mascot/3. klik button login' is clicked on

25-06-2024T15:01:28 - [MESSAGE][PASSED] - Object: 'Object Repository/login mascot/3. klik button login' is clicked on

25-06-2024T15:01:28 - [TEST_STEP][PASSED] - delay(3): Delayed 3 second(s)

25-06-2024T15:01:31 - [MESSAGE][PASSED] - Delayed 3 second(s)

25-06-2024T15:01:31 - [TEST_STEP][PASSED] - click(findTestObject("User Management - Master Area 1/Open Master Area 1")): Object: 'Object Repository/User Management - Master Area 1/Open Master Area 1' is clicked on

25-06-2024T15:01:31 - [MESSAGE][PASSED] - Object: 'Object Repository/User Management - Master Area 1/Open Master Area 1' is clicked on

25-06-2024T15:01:31 - [TEST_STEP][PASSED] - delay(8): Delayed 8 second(s)

25-06-2024T15:01:39 - [MESSAGE][PASSED] - Delayed 8 second(s)]]></system-out>
         <system-err><![CDATA[]]></system-err>
      </testcase>
      <system-out><![CDATA[25-06-2024T15:01:15 - [TEST_SUITE][PASSED] - master area 1: Test Cases/User Management - Master Area 1/Open Master Area 1]]></system-out>
      <system-err><![CDATA[]]></system-err>
   </testsuite>
   <testsuite name="master area 2" tests="2" failures="0" errors="0" time="23.529" skipped="0" timestamp="25-06-2024T15:01:45" hostname="0789 - DESKTOP-51HVGAE" id="Test Suites/mascot/master area 2">
      <properties>
         <property name="deviceName" value=""/>
         <property name="devicePlatform"/>
         <property name="logFolder" value="C:\\Users\\0789\\git\\dev-mascot\\Reports\\20240625_150048\\mascot\\master area 2\\20240625_150053"/>
         <property name="logFiles" value="C:\\Users\\0789\\git\\dev-mascot\\Reports\\20240625_150048\\mascot\\master area 2\\20240625_150053\\execution0.log"/>
         <property name="attachments" value=""/>
         <property name="hostName" value="0789 - DESKTOP-51HVGAE"/>
         <property name="os" value="Windows 10 64bit"/>
         <property name="katalonVersion" value="9.5.0.217"/>
         <property name="browser" value="Chrome 126.0.0.0"/>
         <property name="hostAddress" value="192.168.4.208"/>
         <property name="sessionId" value="3e752a636c34926b9a536d9500cbc8d6"/>
         <property name="seleniumVersion" value="3.141.59"/>
         <property name="proxyInformation" value="ProxyInformation { proxyOption=NO_PROXY, proxyServerType=HTTP, username=, password=********, proxyServerAddress=, proxyServerPort=0, executionList=&quot;&quot;, isApplyToDesiredCapabilities=true }"/>
         <property name="platform" value="Windows 10"/>
      </properties>
      <testcase name="Test Cases/login mascot/login" time="6.753" classname="Test Cases/login mascot/login" status="PASSED">
         <system-out><![CDATA[25-06-2024T15:01:45 - [TEST_CASE][PASSED] - Test Cases/login mascot/login: Test Cases/login mascot/login

25-06-2024T15:01:46 - [TEST_STEP][PASSED] - openBrowser("http://206.189.158.91:8080/sparepart-factory-cms/login.zul"): Browser is opened with url: 'http://206.189.158.91:8080/sparepart-factory-cms/login.zul'

25-06-2024T15:01:46 - [MESSAGE][INFO] - Starting 'Chrome' driver

25-06-2024T15:01:46 - [MESSAGE][INFO] - Action delay is set to 0 milliseconds

25-06-2024T15:01:50 - [MESSAGE][PASSED] - Browser is opened with url: 'http://206.189.158.91:8080/sparepart-factory-cms/login.zul'

25-06-2024T15:01:50 - [TEST_STEP][PASSED] - setText(findTestObject("login mascot/1. input username"), "sadm001"): Text 'sadm001' is set on object 'Object Repository/login mascot/1. input username'

25-06-2024T15:01:51 - [MESSAGE][PASSED] - Text 'sadm001' is set on object 'Object Repository/login mascot/1. input username'

25-06-2024T15:01:51 - [TEST_STEP][PASSED] - setText(findTestObject("login mascot/2. input password"), "Abc123!"): Text 'Abc123!' is set on object 'Object Repository/login mascot/2. input password'

25-06-2024T15:01:52 - [MESSAGE][PASSED] - Text 'Abc123!' is set on object 'Object Repository/login mascot/2. input password'

25-06-2024T15:01:52 - [TEST_STEP][PASSED] - click(findTestObject("login mascot/3. klik button login")): Object: 'Object Repository/login mascot/3. klik button login' is clicked on

25-06-2024T15:01:52 - [MESSAGE][PASSED] - Object: 'Object Repository/login mascot/3. klik button login' is clicked on]]></system-out>
         <system-err><![CDATA[]]></system-err>
      </testcase>
      <testcase name="Test Cases/User Management - Master Area 2/Open Master Area 2" time="16.594" classname="Test Cases/User Management - Master Area 2/Open Master Area 2" status="PASSED">
         <system-out><![CDATA[25-06-2024T15:01:52 - [TEST_CASE][PASSED] - Test Cases/User Management - Master Area 2/Open Master Area 2: Test Cases/User Management - Master Area 2/Open Master Area 2

25-06-2024T15:01:52 - [TEST_STEP][PASSED] - openBrowser("http://206.189.158.91:8080/sparepart-factory-cms/login.zul"): Browser is opened with url: 'http://206.189.158.91:8080/sparepart-factory-cms/login.zul'

25-06-2024T15:01:52 - [MESSAGE][WARNING] - A browser is already opened. Closing browser and opening a new one

25-06-2024T15:01:52 - [MESSAGE][INFO] - Starting 'Chrome' driver

25-06-2024T15:01:52 - [MESSAGE][INFO] - Action delay is set to 0 milliseconds

25-06-2024T15:01:55 - [MESSAGE][PASSED] - Browser is opened with url: 'http://206.189.158.91:8080/sparepart-factory-cms/login.zul'

25-06-2024T15:01:55 - [TEST_STEP][PASSED] - setText(findTestObject("login mascot/1. input username"), "sadm001"): Text 'sadm001' is set on object 'Object Repository/login mascot/1. input username'

25-06-2024T15:01:56 - [MESSAGE][PASSED] - Text 'sadm001' is set on object 'Object Repository/login mascot/1. input username'

25-06-2024T15:01:56 - [TEST_STEP][PASSED] - setText(findTestObject("login mascot/2. input password"), "Abc123!"): Text 'Abc123!' is set on object 'Object Repository/login mascot/2. input password'

25-06-2024T15:01:56 - [MESSAGE][PASSED] - Text 'Abc123!' is set on object 'Object Repository/login mascot/2. input password'

25-06-2024T15:01:56 - [TEST_STEP][PASSED] - click(findTestObject("login mascot/3. klik button login")): Object: 'Object Repository/login mascot/3. klik button login' is clicked on

25-06-2024T15:01:57 - [MESSAGE][PASSED] - Object: 'Object Repository/login mascot/3. klik button login' is clicked on

25-06-2024T15:01:57 - [TEST_STEP][PASSED] - delay(3): Delayed 3 second(s)

25-06-2024T15:02:00 - [MESSAGE][PASSED] - Delayed 3 second(s)

25-06-2024T15:02:00 - [TEST_STEP][PASSED] - click(findTestObject("User Management - Master Area 2/Open Master Area 2")): Object: 'Object Repository/User Management - Master Area 2/Open Master Area 2' is clicked on

25-06-2024T15:02:01 - [MESSAGE][PASSED] - Object: 'Object Repository/User Management - Master Area 2/Open Master Area 2' is clicked on

25-06-2024T15:02:01 - [TEST_STEP][PASSED] - delay(8): Delayed 8 second(s)

25-06-2024T15:02:09 - [MESSAGE][PASSED] - Delayed 8 second(s)]]></system-out>
         <system-err><![CDATA[]]></system-err>
      </testcase>
      <system-out><![CDATA[25-06-2024T15:01:45 - [TEST_SUITE][PASSED] - master area 2: Test Cases/User Management - Master Area 2/Open Master Area 2]]></system-out>
      <system-err><![CDATA[]]></system-err>
   </testsuite>
</testsuites>
