<?xml version="1.0" encoding="UTF-8"?>
<testsuites name="login berhasil" time="19.294" tests="1" failures="0" errors="0">
   <testsuite name="login berhasil" tests="1" failures="0" errors="0" time="19.294" skipped="0" timestamp="12-06-2024T11:39:49" hostname="0789 - DESKTOP-51HVGAE" id="Test Suites/login/login berhasil">
      <properties>
         <property name="deviceName" value=""/>
         <property name="devicePlatform"/>
         <property name="logFolder" value="C:\\Users\\0789\\Katalon Studio\\dev mascot\\Reports\\20240612_113941\\login\\login berhasil\\20240612_113941"/>
         <property name="logFiles" value="C:\\Users\\0789\\Katalon Studio\\dev mascot\\Reports\\20240612_113941\\login\\login berhasil\\20240612_113941\\execution0.log"/>
         <property name="attachments" value=""/>
         <property name="hostName" value="0789 - DESKTOP-51HVGAE"/>
         <property name="os" value="Windows 10 64bit"/>
         <property name="katalonVersion" value="9.5.0.217"/>
         <property name="browser" value="Chrome 125.0.0.0"/>
         <property name="hostAddress" value="192.168.131.208"/>
         <property name="sessionId" value="cef4e88cf0475545f0eef95153afc07f"/>
         <property name="seleniumVersion" value="3.141.59"/>
         <property name="proxyInformation" value="ProxyInformation { proxyOption=NO_PROXY, proxyServerType=HTTP, username=, password=********, proxyServerAddress=, proxyServerPort=0, executionList=&quot;&quot;, isApplyToDesiredCapabilities=true }"/>
         <property name="platform" value="Windows 10"/>
      </properties>
      <testcase name="Test Cases/User Management - Master Area 2/Open Master Area 2" time="19.068" classname="Test Cases/User Management - Master Area 2/Open Master Area 2" status="PASSED">
         <system-out><![CDATA[12-06-2024T11:39:50 - [TEST_CASE][PASSED] - Test Cases/User Management - Master Area 2/Open Master Area 2: Test Cases/User Management - Master Area 2/Open Master Area 2

12-06-2024T11:39:50 - [TEST_STEP][PASSED] - openBrowser("http://206.189.158.91:8080/sparepart-factory-cms/login.zul"): Browser is opened with url: 'http://206.189.158.91:8080/sparepart-factory-cms/login.zul'

12-06-2024T11:39:50 - [MESSAGE][INFO] - Starting 'Chrome' driver

12-06-2024T11:39:50 - [MESSAGE][INFO] - Action delay is set to 0 milliseconds

12-06-2024T11:39:55 - [MESSAGE][PASSED] - Browser is opened with url: 'http://206.189.158.91:8080/sparepart-factory-cms/login.zul'

12-06-2024T11:39:55 - [TEST_STEP][PASSED] - setText(findTestObject("login mascot/1. input username"), "sadm001"): Text 'sadm001' is set on object 'Object Repository/login mascot/1. input username'

12-06-2024T11:39:56 - [MESSAGE][PASSED] - Text 'sadm001' is set on object 'Object Repository/login mascot/1. input username'

12-06-2024T11:39:56 - [TEST_STEP][PASSED] - setText(findTestObject("login mascot/2. input password"), "Abc123!"): Text 'Abc123!' is set on object 'Object Repository/login mascot/2. input password'

12-06-2024T11:39:57 - [MESSAGE][PASSED] - Text 'Abc123!' is set on object 'Object Repository/login mascot/2. input password'

12-06-2024T11:39:57 - [TEST_STEP][PASSED] - click(findTestObject("login mascot/3. klik button login")): Object: 'Object Repository/login mascot/3. klik button login' is clicked on

12-06-2024T11:39:57 - [MESSAGE][PASSED] - Object: 'Object Repository/login mascot/3. klik button login' is clicked on

12-06-2024T11:39:57 - [TEST_STEP][PASSED] - delay(3): Delayed 3 second(s)

12-06-2024T11:40:00 - [MESSAGE][PASSED] - Delayed 3 second(s)

12-06-2024T11:40:00 - [TEST_STEP][PASSED] - click(findTestObject("User Management - Master Area 2/Open Master Area 2")): Object: 'Object Repository/User Management - Master Area 2/Open Master Area 2' is clicked on

12-06-2024T11:40:01 - [MESSAGE][PASSED] - Object: 'Object Repository/User Management - Master Area 2/Open Master Area 2' is clicked on

12-06-2024T11:40:01 - [TEST_STEP][PASSED] - delay(8): Delayed 8 second(s)

12-06-2024T11:40:09 - [MESSAGE][PASSED] - Delayed 8 second(s)]]></system-out>
         <system-err><![CDATA[]]></system-err>
      </testcase>
      <system-out><![CDATA[12-06-2024T11:39:49 - [TEST_SUITE][PASSED] - login berhasil: Test Cases/User Management - Master Area 2/Open Master Area 2]]></system-out>
      <system-err><![CDATA[]]></system-err>
   </testsuite>
</testsuites>
