<?xml version="1.0" encoding="UTF-8"?>
<testsuites name="login berhasil" time="47.184" tests="2" failures="0" errors="0">
   <testsuite name="login berhasil" tests="2" failures="0" errors="0" time="47.184" skipped="0" timestamp="11-06-2024T15:25:48" hostname="0789 - DESKTOP-51HVGAE" id="Test Suites/login/login berhasil">
      <properties>
         <property name="deviceName" value=""/>
         <property name="devicePlatform"/>
         <property name="logFolder" value="C:\\Users\\0789\\Katalon Studio\\dev mascot\\Reports\\20240611_152539\\login\\login berhasil\\20240611_152539"/>
         <property name="logFiles" value="C:\\Users\\0789\\Katalon Studio\\dev mascot\\Reports\\20240611_152539\\login\\login berhasil\\20240611_152539\\execution0.log"/>
         <property name="attachments" value=""/>
         <property name="hostName" value="0789 - DESKTOP-51HVGAE"/>
         <property name="os" value="Windows 10 64bit"/>
         <property name="katalonVersion" value="9.5.0.217"/>
         <property name="browser" value="Chrome 125.0.0.0"/>
         <property name="hostAddress" value="192.168.131.208"/>
         <property name="sessionId" value="19db36e9b9583fcb271107c311cef592"/>
         <property name="seleniumVersion" value="3.141.59"/>
         <property name="proxyInformation" value="ProxyInformation { proxyOption=NO_PROXY, proxyServerType=HTTP, username=, password=********, proxyServerAddress=, proxyServerPort=0, executionList=&quot;&quot;, isApplyToDesiredCapabilities=true }"/>
         <property name="platform" value="Windows 10"/>
      </properties>
      <testcase name="Test Cases/User Management - Role and Menu/Open Role and Menu" time="41.343" classname="Test Cases/User Management - Role and Menu/Open Role and Menu" status="PASSED">
         <system-out><![CDATA[11-06-2024T15:25:48 - [TEST_CASE][PASSED] - Test Cases/User Management - Role and Menu/Open Role and Menu: Test Cases/User Management - Role and Menu/Open Role and Menu

11-06-2024T15:25:48 - [TEST_STEP][PASSED] - openBrowser("http://206.189.158.91:8080/sparepart-factory-cms/login.zul"): Browser is opened with url: 'http://206.189.158.91:8080/sparepart-factory-cms/login.zul'

11-06-2024T15:25:49 - [MESSAGE][INFO] - Starting 'Chrome' driver

11-06-2024T15:25:49 - [MESSAGE][INFO] - Action delay is set to 0 milliseconds

11-06-2024T15:25:56 - [MESSAGE][PASSED] - Browser is opened with url: 'http://206.189.158.91:8080/sparepart-factory-cms/login.zul'

11-06-2024T15:25:56 - [TEST_STEP][PASSED] - setText(findTestObject("login mascot/1. input username"), "sadm001"): Text 'sadm001' is set on object 'Object Repository/login mascot/1. input username'

11-06-2024T15:25:57 - [MESSAGE][PASSED] - Text 'sadm001' is set on object 'Object Repository/login mascot/1. input username'

11-06-2024T15:25:57 - [TEST_STEP][PASSED] - setText(findTestObject("login mascot/2. input password"), "Abc123!"): Text 'Abc123!' is set on object 'Object Repository/login mascot/2. input password'

11-06-2024T15:25:58 - [MESSAGE][PASSED] - Text 'Abc123!' is set on object 'Object Repository/login mascot/2. input password'

11-06-2024T15:25:58 - [TEST_STEP][PASSED] - click(findTestObject("login mascot/3. klik button login")): Object: 'Object Repository/login mascot/3. klik button login' is clicked on

11-06-2024T15:25:58 - [MESSAGE][PASSED] - Object: 'Object Repository/login mascot/3. klik button login' is clicked on

11-06-2024T15:25:58 - [TEST_STEP][PASSED] - delay(2): Delayed 2 second(s)

11-06-2024T15:26:00 - [MESSAGE][PASSED] - Delayed 2 second(s)

11-06-2024T15:26:00 - [TEST_STEP][PASSED] - click(findTestObject("User Management - Role and Menu/Role and Menu")): Object: 'Object Repository/User Management - Role and Menu/Role and Menu' is clicked on

11-06-2024T15:26:29 - [MESSAGE][PASSED] - Object: 'Object Repository/User Management - Role and Menu/Role and Menu' is clicked on]]></system-out>
         <system-err><![CDATA[]]></system-err>
      </testcase>
      <testcase name="Test Cases/User Management - Role and Menu/Simple Search" time="5.622" classname="Test Cases/User Management - Role and Menu/Simple Search" status="PASSED">
         <system-out><![CDATA[11-06-2024T15:26:29 - [TEST_CASE][PASSED] - Test Cases/User Management - Role and Menu/Simple Search: Test Cases/User Management - Role and Menu/Simple Search

11-06-2024T15:26:30 - [TEST_STEP][PASSED] - click(findTestObject("User Management - Role and Menu/Simple Search")): Object: 'Object Repository/User Management - Role and Menu/Simple Search' is clicked on

11-06-2024T15:26:31 - [MESSAGE][PASSED] - Object: 'Object Repository/User Management - Role and Menu/Simple Search' is clicked on

11-06-2024T15:26:31 - [TEST_STEP][PASSED] - setText(findTestObject("User Management - Role and Menu/Simple Search"), "TIM RND"): Text 'TIM RND' is set on object 'Object Repository/User Management - Role and Menu/Simple Search'

11-06-2024T15:26:32 - [MESSAGE][PASSED] - Text 'TIM RND' is set on object 'Object Repository/User Management - Role and Menu/Simple Search'

11-06-2024T15:26:32 - [TEST_STEP][PASSED] - click(findTestObject("User Management - Role and Menu/Role and Menu - Click Button Search")): Object: 'Object Repository/User Management - Role and Menu/Role and Menu - Click Button Search' is clicked on

11-06-2024T15:26:33 - [MESSAGE][PASSED] - Object: 'Object Repository/User Management - Role and Menu/Role and Menu - Click Button Search' is clicked on

11-06-2024T15:26:33 - [TEST_STEP][PASSED] - delay(2): Delayed 2 second(s)

11-06-2024T15:26:35 - [MESSAGE][PASSED] - Delayed 2 second(s)]]></system-out>
         <system-err><![CDATA[]]></system-err>
      </testcase>
      <system-out><![CDATA[11-06-2024T15:25:48 - [TEST_SUITE][PASSED] - login berhasil: Test Cases/User Management - Role and Menu/Simple Search]]></system-out>
      <system-err><![CDATA[]]></system-err>
   </testsuite>
</testsuites>
