<?xml version="1.0" encoding="UTF-8"?>
<testsuites name="login berhasil" time="40.891" tests="3" failures="0" errors="0">
   <testsuite name="login berhasil" tests="3" failures="0" errors="0" time="40.891" skipped="0" timestamp="12-06-2024T11:10:12" hostname="0789 - DESKTOP-51HVGAE" id="Test Suites/login/login berhasil">
      <properties>
         <property name="deviceName" value=""/>
         <property name="devicePlatform"/>
         <property name="logFolder" value="C:\\Users\\0789\\Katalon Studio\\dev mascot\\Reports\\20240612_111002\\login\\login berhasil\\20240612_111002"/>
         <property name="logFiles" value="C:\\Users\\0789\\Katalon Studio\\dev mascot\\Reports\\20240612_111002\\login\\login berhasil\\20240612_111002\\execution0.log"/>
         <property name="attachments" value=""/>
         <property name="hostName" value="0789 - DESKTOP-51HVGAE"/>
         <property name="os" value="Windows 10 64bit"/>
         <property name="katalonVersion" value="9.5.0.217"/>
         <property name="browser" value="Chrome 125.0.0.0"/>
         <property name="hostAddress" value="192.168.131.208"/>
         <property name="sessionId" value="84251c014bca80b05bd84131609522ee"/>
         <property name="seleniumVersion" value="3.141.59"/>
         <property name="proxyInformation" value="ProxyInformation { proxyOption=NO_PROXY, proxyServerType=HTTP, username=, password=********, proxyServerAddress=, proxyServerPort=0, executionList=&quot;&quot;, isApplyToDesiredCapabilities=true }"/>
         <property name="platform" value="Windows 10"/>
      </properties>
      <testcase name="Test Cases/User Management - Master NFC/Open Master NFC" time="17.045" classname="Test Cases/User Management - Master NFC/Open Master NFC" status="PASSED">
         <system-out><![CDATA[12-06-2024T11:10:12 - [TEST_CASE][PASSED] - Test Cases/User Management - Master NFC/Open Master NFC: Test Cases/User Management - Master NFC/Open Master NFC

12-06-2024T11:10:12 - [TEST_STEP][PASSED] - openBrowser("http://206.189.158.91:8080/sparepart-factory-cms/login.zul"): Browser is opened with url: 'http://206.189.158.91:8080/sparepart-factory-cms/login.zul'

12-06-2024T11:10:13 - [MESSAGE][INFO] - Starting 'Chrome' driver

12-06-2024T11:10:13 - [MESSAGE][INFO] - Action delay is set to 0 milliseconds

12-06-2024T11:10:20 - [MESSAGE][PASSED] - Browser is opened with url: 'http://206.189.158.91:8080/sparepart-factory-cms/login.zul'

12-06-2024T11:10:20 - [TEST_STEP][PASSED] - setText(findTestObject("login mascot/1. input username"), "sadm001"): Text 'sadm001' is set on object 'Object Repository/login mascot/1. input username'

12-06-2024T11:10:21 - [MESSAGE][PASSED] - Text 'sadm001' is set on object 'Object Repository/login mascot/1. input username'

12-06-2024T11:10:21 - [TEST_STEP][PASSED] - setText(findTestObject("login mascot/2. input password"), "Abc123!"): Text 'Abc123!' is set on object 'Object Repository/login mascot/2. input password'

12-06-2024T11:10:22 - [MESSAGE][PASSED] - Text 'Abc123!' is set on object 'Object Repository/login mascot/2. input password'

12-06-2024T11:10:22 - [TEST_STEP][PASSED] - click(findTestObject("login mascot/3. klik button login")): Object: 'Object Repository/login mascot/3. klik button login' is clicked on

12-06-2024T11:10:22 - [MESSAGE][PASSED] - Object: 'Object Repository/login mascot/3. klik button login' is clicked on

12-06-2024T11:10:22 - [TEST_STEP][PASSED] - delay(3): Delayed 3 second(s)

12-06-2024T11:10:25 - [MESSAGE][PASSED] - Delayed 3 second(s)

12-06-2024T11:10:25 - [TEST_STEP][PASSED] - click(findTestObject("User Management - Master NFC/Open Master NFC")): Object: 'Object Repository/User Management - Master NFC/Open Master NFC' is clicked on

12-06-2024T11:10:26 - [MESSAGE][PASSED] - Object: 'Object Repository/User Management - Master NFC/Open Master NFC' is clicked on

12-06-2024T11:10:26 - [TEST_STEP][PASSED] - delay(3): Delayed 3 second(s)

12-06-2024T11:10:29 - [MESSAGE][PASSED] - Delayed 3 second(s)]]></system-out>
         <system-err><![CDATA[]]></system-err>
      </testcase>
      <testcase name="Test Cases/User Management - Master NFC/Master NFC - Download Active" time="10.344" classname="Test Cases/User Management - Master NFC/Master NFC - Download Active" status="PASSED">
         <system-out><![CDATA[12-06-2024T11:10:29 - [TEST_CASE][PASSED] - Test Cases/User Management - Master NFC/Master NFC - Download Active: Test Cases/User Management - Master NFC/Master NFC - Download Active

12-06-2024T11:10:29 - [TEST_STEP][PASSED] - click(findTestObject("User Management - Master NFC/Search by Active NFC")): Object: 'Object Repository/User Management - Master NFC/Search by Active NFC' is clicked on

12-06-2024T11:10:29 - [MESSAGE][PASSED] - Object: 'Object Repository/User Management - Master NFC/Search by Active NFC' is clicked on

12-06-2024T11:10:29 - [TEST_STEP][PASSED] - click(findTestObject("User Management - Master NFC/Active NFC - Active")): Object: 'Object Repository/User Management - Master NFC/Active NFC - Active' is clicked on

12-06-2024T11:10:30 - [MESSAGE][PASSED] - Object: 'Object Repository/User Management - Master NFC/Active NFC - Active' is clicked on

12-06-2024T11:10:30 - [TEST_STEP][PASSED] - click(findTestObject("User Management - Master NFC/Master NFC - Click button Search")): Object: 'Object Repository/User Management - Master NFC/Master NFC - Click button Search' is clicked on

12-06-2024T11:10:31 - [MESSAGE][PASSED] - Object: 'Object Repository/User Management - Master NFC/Master NFC - Click button Search' is clicked on

12-06-2024T11:10:31 - [TEST_STEP][PASSED] - delay(3): Delayed 3 second(s)

12-06-2024T11:10:34 - [MESSAGE][PASSED] - Delayed 3 second(s)

12-06-2024T11:10:34 - [TEST_STEP][PASSED] - click(findTestObject("User Management - Master NFC/Master NFC - Download")): Object: 'Object Repository/User Management - Master NFC/Master NFC - Download' is clicked on

12-06-2024T11:10:34 - [MESSAGE][PASSED] - Object: 'Object Repository/User Management - Master NFC/Master NFC - Download' is clicked on

12-06-2024T11:10:34 - [TEST_STEP][PASSED] - delay(5): Delayed 5 second(s)

12-06-2024T11:10:39 - [MESSAGE][PASSED] - Delayed 5 second(s)]]></system-out>
         <system-err><![CDATA[]]></system-err>
      </testcase>
      <testcase name="Test Cases/User Management - Master NFC/Master NFC - Download Inactive" time="13.265" classname="Test Cases/User Management - Master NFC/Master NFC - Download Inactive" status="PASSED">
         <system-out><![CDATA[12-06-2024T11:10:39 - [TEST_CASE][PASSED] - Test Cases/User Management - Master NFC/Master NFC - Download Inactive: Test Cases/User Management - Master NFC/Master NFC - Download Inactive

12-06-2024T11:10:39 - [TEST_STEP][PASSED] - click(findTestObject("User Management - Master NFC/Search by Active NFC")): Object: 'Object Repository/User Management - Master NFC/Search by Active NFC' is clicked on

12-06-2024T11:10:40 - [MESSAGE][PASSED] - Object: 'Object Repository/User Management - Master NFC/Search by Active NFC' is clicked on

12-06-2024T11:10:40 - [TEST_STEP][PASSED] - click(findTestObject("User Management - Master NFC/Active NFC - Inactive")): Object: 'Object Repository/User Management - Master NFC/Active NFC - Inactive' is clicked on

12-06-2024T11:10:41 - [MESSAGE][PASSED] - Object: 'Object Repository/User Management - Master NFC/Active NFC - Inactive' is clicked on

12-06-2024T11:10:41 - [TEST_STEP][PASSED] - click(findTestObject("User Management - Master NFC/Master NFC - Click button Search")): Object: 'Object Repository/User Management - Master NFC/Master NFC - Click button Search' is clicked on

12-06-2024T11:10:41 - [MESSAGE][PASSED] - Object: 'Object Repository/User Management - Master NFC/Master NFC - Click button Search' is clicked on

12-06-2024T11:10:41 - [TEST_STEP][PASSED] - delay(3): Delayed 3 second(s)

12-06-2024T11:10:44 - [MESSAGE][PASSED] - Delayed 3 second(s)

12-06-2024T11:10:44 - [TEST_STEP][PASSED] - click(findTestObject("User Management - Master NFC/Master NFC - Download")): Object: 'Object Repository/User Management - Master NFC/Master NFC - Download' is clicked on

12-06-2024T11:10:45 - [MESSAGE][PASSED] - Object: 'Object Repository/User Management - Master NFC/Master NFC - Download' is clicked on

12-06-2024T11:10:45 - [TEST_STEP][PASSED] - delay(8): Delayed 8 second(s)

12-06-2024T11:10:53 - [MESSAGE][PASSED] - Delayed 8 second(s)]]></system-out>
         <system-err><![CDATA[]]></system-err>
      </testcase>
      <system-out><![CDATA[12-06-2024T11:10:12 - [TEST_SUITE][PASSED] - login berhasil: Test Cases/User Management - Master NFC/Master NFC - Download Inactive]]></system-out>
      <system-err><![CDATA[]]></system-err>
   </testsuite>
</testsuites>
