<?xml version="1.0" encoding="UTF-8"?>
<testsuites name="master area 2" time="50.022" tests="2" failures="0" errors="0">
   <testsuite name="master area 2" tests="2" failures="0" errors="0" time="50.022" skipped="0" timestamp="24-06-2024T10:01:01" hostname="0789 - DESKTOP-51HVGAE" id="Test Suites/mascot/master area 2">
      <properties>
         <property name="deviceName" value=""/>
         <property name="devicePlatform"/>
         <property name="logFolder" value="C:\\Users\\0789\\git\\dev-mascot\\Reports\\20240624_095856\\mascot\\master area 2\\20240624_095906"/>
         <property name="logFiles" value="C:\\Users\\0789\\git\\dev-mascot\\Reports\\20240624_095856\\mascot\\master area 2\\20240624_095906\\execution0.log"/>
         <property name="attachments" value=""/>
         <property name="hostName" value="0789 - DESKTOP-51HVGAE"/>
         <property name="os" value="Windows 10 64bit"/>
         <property name="katalonVersion" value="9.5.0.217"/>
         <property name="browser" value="Chrome 126.0.0.0"/>
         <property name="hostAddress" value="192.168.10.185"/>
         <property name="sessionId" value="2242e1641ed7516437583b6f740eeea1"/>
         <property name="seleniumVersion" value="3.141.59"/>
         <property name="proxyInformation" value="ProxyInformation { proxyOption=NO_PROXY, proxyServerType=HTTP, username=, password=********, proxyServerAddress=, proxyServerPort=0, executionList=&quot;&quot;, isApplyToDesiredCapabilities=true }"/>
         <property name="platform" value="Windows 10"/>
      </properties>
      <testcase name="Test Cases/login mascot/login" time="17.461" classname="Test Cases/login mascot/login" status="PASSED">
         <system-out><![CDATA[24-06-2024T10:01:01 - [TEST_CASE][PASSED] - Test Cases/login mascot/login: Test Cases/login mascot/login

24-06-2024T10:01:02 - [TEST_STEP][PASSED] - openBrowser("http://206.189.158.91:8080/sparepart-factory-cms/login.zul"): Browser is opened with url: 'http://206.189.158.91:8080/sparepart-factory-cms/login.zul'

24-06-2024T10:01:02 - [MESSAGE][INFO] - Starting 'Chrome' driver

24-06-2024T10:01:02 - [MESSAGE][INFO] - Action delay is set to 0 milliseconds

24-06-2024T10:01:16 - [MESSAGE][PASSED] - Browser is opened with url: 'http://206.189.158.91:8080/sparepart-factory-cms/login.zul'

24-06-2024T10:01:16 - [TEST_STEP][PASSED] - setText(findTestObject("login mascot/1. input username"), "sadm001"): Text 'sadm001' is set on object 'Object Repository/login mascot/1. input username'

24-06-2024T10:01:18 - [MESSAGE][PASSED] - Text 'sadm001' is set on object 'Object Repository/login mascot/1. input username'

24-06-2024T10:01:18 - [TEST_STEP][PASSED] - setText(findTestObject("login mascot/2. input password"), "Abc123!"): Text 'Abc123!' is set on object 'Object Repository/login mascot/2. input password'

24-06-2024T10:01:18 - [MESSAGE][PASSED] - Text 'Abc123!' is set on object 'Object Repository/login mascot/2. input password'

24-06-2024T10:01:18 - [TEST_STEP][PASSED] - click(findTestObject("login mascot/3. klik button login")): Object: 'Object Repository/login mascot/3. klik button login' is clicked on

24-06-2024T10:01:19 - [MESSAGE][PASSED] - Object: 'Object Repository/login mascot/3. klik button login' is clicked on]]></system-out>
         <system-err><![CDATA[]]></system-err>
      </testcase>
      <testcase name="Test Cases/User Management - Master Area 2/Open Master Area 2" time="32.335" classname="Test Cases/User Management - Master Area 2/Open Master Area 2" status="PASSED">
         <system-out><![CDATA[24-06-2024T10:01:19 - [TEST_CASE][PASSED] - Test Cases/User Management - Master Area 2/Open Master Area 2: Test Cases/User Management - Master Area 2/Open Master Area 2

24-06-2024T10:01:19 - [TEST_STEP][PASSED] - openBrowser("http://206.189.158.91:8080/sparepart-factory-cms/login.zul"): Browser is opened with url: 'http://206.189.158.91:8080/sparepart-factory-cms/login.zul'

24-06-2024T10:01:19 - [MESSAGE][WARNING] - A browser is already opened. Closing browser and opening a new one

24-06-2024T10:01:20 - [MESSAGE][INFO] - Starting 'Chrome' driver

24-06-2024T10:01:20 - [MESSAGE][INFO] - Action delay is set to 0 milliseconds

24-06-2024T10:01:38 - [MESSAGE][PASSED] - Browser is opened with url: 'http://206.189.158.91:8080/sparepart-factory-cms/login.zul'

24-06-2024T10:01:38 - [TEST_STEP][PASSED] - setText(findTestObject("login mascot/1. input username"), "sadm001"): Text 'sadm001' is set on object 'Object Repository/login mascot/1. input username'

24-06-2024T10:01:38 - [MESSAGE][PASSED] - Text 'sadm001' is set on object 'Object Repository/login mascot/1. input username'

24-06-2024T10:01:38 - [TEST_STEP][PASSED] - setText(findTestObject("login mascot/2. input password"), "Abc123!"): Text 'Abc123!' is set on object 'Object Repository/login mascot/2. input password'

24-06-2024T10:01:39 - [MESSAGE][PASSED] - Text 'Abc123!' is set on object 'Object Repository/login mascot/2. input password'

24-06-2024T10:01:39 - [TEST_STEP][PASSED] - click(findTestObject("login mascot/3. klik button login")): Object: 'Object Repository/login mascot/3. klik button login' is clicked on

24-06-2024T10:01:39 - [MESSAGE][PASSED] - Object: 'Object Repository/login mascot/3. klik button login' is clicked on

24-06-2024T10:01:39 - [TEST_STEP][PASSED] - delay(3): Delayed 3 second(s)

24-06-2024T10:01:42 - [MESSAGE][PASSED] - Delayed 3 second(s)

24-06-2024T10:01:42 - [TEST_STEP][PASSED] - click(findTestObject("User Management - Master Area 2/Open Master Area 2")): Object: 'Object Repository/User Management - Master Area 2/Open Master Area 2' is clicked on

24-06-2024T10:01:43 - [MESSAGE][PASSED] - Object: 'Object Repository/User Management - Master Area 2/Open Master Area 2' is clicked on

24-06-2024T10:01:43 - [TEST_STEP][PASSED] - delay(8): Delayed 8 second(s)

24-06-2024T10:01:51 - [MESSAGE][PASSED] - Delayed 8 second(s)]]></system-out>
         <system-err><![CDATA[]]></system-err>
      </testcase>
      <system-out><![CDATA[24-06-2024T10:01:01 - [TEST_SUITE][PASSED] - master area 2: Test Cases/User Management - Master Area 2/Open Master Area 2]]></system-out>
      <system-err><![CDATA[]]></system-err>
   </testsuite>
</testsuites>
